2019-02-18 11:54:34,541 INFO org.apache.hadoop.hdfs.server.namenode.NameNode: STARTUP_MSG: 
/************************************************************
STARTUP_MSG: Starting NameNode
STARTUP_MSG:   user = hdpuser
STARTUP_MSG:   host = ubuntu/127.0.1.1
STARTUP_MSG:   args = []
STARTUP_MSG:   version = 2.8.1
STARTUP_MSG:   classpath = /usr/local/hadoop/etc/hadoop:/usr/local/hadoop-2.8.1/share/hadoop/common/lib/jaxb-impl-2.2.3-1.jar:/usr/local/hadoop-2.8.1/share/hadoop/common/lib/slf4j-api-1.7.10.jar:/usr/local/hadoop-2.8.1/share/hadoop/common/lib/jaxb-api-2.2.2.jar:/usr/local/hadoop-2.8.1/share/hadoop/common/lib/guava-11.0.2.jar:/usr/local/hadoop-2.8.1/share/hadoop/common/lib/commons-configuration-1.6.jar:/usr/local/hadoop-2.8.1/share/hadoop/common/lib/curator-client-2.7.1.jar:/usr/local/hadoop-2.8.1/share/hadoop/common/lib/xz-1.0.jar:/usr/local/hadoop-2.8.1/share/hadoop/common/lib/activation-1.1.jar:/usr/local/hadoop-2.8.1/share/hadoop/common/lib/netty-3.6.2.Final.jar:/usr/local/hadoop-2.8.1/share/hadoop/common/lib/commons-codec-1.4.jar:/usr/local/hadoop-2.8.1/share/hadoop/common/lib/log4j-1.2.17.jar:/usr/local/hadoop-2.8.1/share/hadoop/common/lib/jersey-core-1.9.jar:/usr/local/hadoop-2.8.1/share/hadoop/common/lib/jackson-mapper-asl-1.9.13.jar:/usr/local/hadoop-2.8.1/share/hadoop/common/lib/jetty-sslengine-6.1.26.jar:/usr/local/hadoop-2.8.1/share/hadoop/common/lib/httpclient-4.5.2.jar:/usr/local/hadoop-2.8.1/share/hadoop/common/lib/avro-1.7.4.jar:/usr/local/hadoop-2.8.1/share/hadoop/common/lib/nimbus-jose-jwt-3.9.jar:/usr/local/hadoop-2.8.1/share/hadoop/common/lib/hadoop-annotations-2.8.1.jar:/usr/local/hadoop-2.8.1/share/hadoop/common/lib/java-xmlbuilder-0.4.jar:/usr/local/hadoop-2.8.1/share/hadoop/common/lib/commons-logging-1.1.3.jar:/usr/local/hadoop-2.8.1/share/hadoop/common/lib/servlet-api-2.5.jar:/usr/local/hadoop-2.8.1/share/hadoop/common/lib/commons-cli-1.2.jar:/usr/local/hadoop-2.8.1/share/hadoop/common/lib/jackson-core-asl-1.9.13.jar:/usr/local/hadoop-2.8.1/share/hadoop/common/lib/stax-api-1.0-2.jar:/usr/local/hadoop-2.8.1/share/hadoop/common/lib/hamcrest-core-1.3.jar:/usr/local/hadoop-2.8.1/share/hadoop/common/lib/commons-lang-2.6.jar:/usr/local/hadoop-2.8.1/share/hadoop/common/lib/snappy-java-1.0.4.1.jar:/usr/local/hadoop-2.8.1/share/hadoop/common/lib/junit-4.11.jar:/usr/local/hadoop-2.8.1/share/hadoop/common/lib/asm-3.2.jar:/usr/local/hadoop-2.8.1/share/hadoop/common/lib/htrace-core4-4.0.1-incubating.jar:/usr/local/hadoop-2.8.1/share/hadoop/common/lib/jackson-jaxrs-1.9.13.jar:/usr/local/hadoop-2.8.1/share/hadoop/common/lib/jackson-xc-1.9.13.jar:/usr/local/hadoop-2.8.1/share/hadoop/common/lib/apacheds-i18n-2.0.0-M15.jar:/usr/local/hadoop-2.8.1/share/hadoop/common/lib/commons-digester-1.8.jar:/usr/local/hadoop-2.8.1/share/hadoop/common/lib/jettison-1.1.jar:/usr/local/hadoop-2.8.1/share/hadoop/common/lib/apacheds-kerberos-codec-2.0.0-M15.jar:/usr/local/hadoop-2.8.1/share/hadoop/common/lib/jetty-util-6.1.26.jar:/usr/local/hadoop-2.8.1/share/hadoop/common/lib/api-util-1.0.0-M20.jar:/usr/local/hadoop-2.8.1/share/hadoop/common/lib/commons-math3-3.1.1.jar:/usr/local/hadoop-2.8.1/share/hadoop/common/lib/paranamer-2.3.jar:/usr/local/hadoop-2.8.1/share/hadoop/common/lib/jsp-api-2.1.jar:/usr/local/hadoop-2.8.1/share/hadoop/common/lib/slf4j-log4j12-1.7.10.jar:/usr/local/hadoop-2.8.1/share/hadoop/common/lib/curator-framework-2.7.1.jar:/usr/local/hadoop-2.8.1/share/hadoop/common/lib/httpcore-4.4.4.jar:/usr/local/hadoop-2.8.1/share/hadoop/common/lib/jsch-0.1.51.jar:/usr/local/hadoop-2.8.1/share/hadoop/common/lib/json-smart-1.1.1.jar:/usr/local/hadoop-2.8.1/share/hadoop/common/lib/zookeeper-3.4.6.jar:/usr/local/hadoop-2.8.1/share/hadoop/common/lib/commons-io-2.4.jar:/usr/local/hadoop-2.8.1/share/hadoop/common/lib/curator-recipes-2.7.1.jar:/usr/local/hadoop-2.8.1/share/hadoop/common/lib/jetty-6.1.26.jar:/usr/local/hadoop-2.8.1/share/hadoop/common/lib/api-asn1-api-1.0.0-M20.jar:/usr/local/hadoop-2.8.1/share/hadoop/common/lib/commons-beanutils-core-1.8.0.jar:/usr/local/hadoop-2.8.1/share/hadoop/common/lib/commons-collections-3.2.2.jar:/usr/local/hadoop-2.8.1/share/hadoop/common/lib/commons-beanutils-1.7.0.jar:/usr/local/hadoop-2.8.1/share/hadoop/common/lib/jersey-json-1.9.jar:/usr/local/hadoop-2.8.1/share/hadoop/common/lib/xmlenc-0.52.jar:/usr/local/hadoop-2.8.1/share/hadoop/common/lib/jersey-server-1.9.jar:/usr/local/hadoop-2.8.1/share/hadoop/common/lib/jsr305-3.0.0.jar:/usr/local/hadoop-2.8.1/share/hadoop/common/lib/mockito-all-1.8.5.jar:/usr/local/hadoop-2.8.1/share/hadoop/common/lib/protobuf-java-2.5.0.jar:/usr/local/hadoop-2.8.1/share/hadoop/common/lib/commons-net-3.1.jar:/usr/local/hadoop-2.8.1/share/hadoop/common/lib/hadoop-auth-2.8.1.jar:/usr/local/hadoop-2.8.1/share/hadoop/common/lib/gson-2.2.4.jar:/usr/local/hadoop-2.8.1/share/hadoop/common/lib/jcip-annotations-1.0.jar:/usr/local/hadoop-2.8.1/share/hadoop/common/lib/jets3t-0.9.0.jar:/usr/local/hadoop-2.8.1/share/hadoop/common/lib/commons-compress-1.4.1.jar:/usr/local/hadoop-2.8.1/share/hadoop/common/hadoop-common-2.8.1.jar:/usr/local/hadoop-2.8.1/share/hadoop/common/hadoop-common-2.8.1-tests.jar:/usr/local/hadoop-2.8.1/share/hadoop/common/hadoop-nfs-2.8.1.jar:/usr/local/hadoop-2.8.1/share/hadoop/hdfs:/usr/local/hadoop-2.8.1/share/hadoop/hdfs/lib/guava-11.0.2.jar:/usr/local/hadoop-2.8.1/share/hadoop/hdfs/lib/xml-apis-1.3.04.jar:/usr/local/hadoop-2.8.1/share/hadoop/hdfs/lib/netty-3.6.2.Final.jar:/usr/local/hadoop-2.8.1/share/hadoop/hdfs/lib/commons-daemon-1.0.13.jar:/usr/local/hadoop-2.8.1/share/hadoop/hdfs/lib/commons-codec-1.4.jar:/usr/local/hadoop-2.8.1/share/hadoop/hdfs/lib/log4j-1.2.17.jar:/usr/local/hadoop-2.8.1/share/hadoop/hdfs/lib/netty-all-4.0.23.Final.jar:/usr/local/hadoop-2.8.1/share/hadoop/hdfs/lib/jersey-core-1.9.jar:/usr/local/hadoop-2.8.1/share/hadoop/hdfs/lib/jackson-mapper-asl-1.9.13.jar:/usr/local/hadoop-2.8.1/share/hadoop/hdfs/lib/okhttp-2.4.0.jar:/usr/local/hadoop-2.8.1/share/hadoop/hdfs/lib/xercesImpl-2.9.1.jar:/usr/local/hadoop-2.8.1/share/hadoop/hdfs/lib/commons-logging-1.1.3.jar:/usr/local/hadoop-2.8.1/share/hadoop/hdfs/lib/servlet-api-2.5.jar:/usr/local/hadoop-2.8.1/share/hadoop/hdfs/lib/okio-1.4.0.jar:/usr/local/hadoop-2.8.1/share/hadoop/hdfs/lib/hadoop-hdfs-client-2.8.1.jar:/usr/local/hadoop-2.8.1/share/hadoop/hdfs/lib/commons-cli-1.2.jar:/usr/local/hadoop-2.8.1/share/hadoop/hdfs/lib/jackson-core-asl-1.9.13.jar:/usr/local/hadoop-2.8.1/share/hadoop/hdfs/lib/commons-lang-2.6.jar:/usr/local/hadoop-2.8.1/share/hadoop/hdfs/lib/asm-3.2.jar:/usr/local/hadoop-2.8.1/share/hadoop/hdfs/lib/htrace-core4-4.0.1-incubating.jar:/usr/local/hadoop-2.8.1/share/hadoop/hdfs/lib/jetty-util-6.1.26.jar:/usr/local/hadoop-2.8.1/share/hadoop/hdfs/lib/commons-io-2.4.jar:/usr/local/hadoop-2.8.1/share/hadoop/hdfs/lib/jetty-6.1.26.jar:/usr/local/hadoop-2.8.1/share/hadoop/hdfs/lib/xmlenc-0.52.jar:/usr/local/hadoop-2.8.1/share/hadoop/hdfs/lib/jersey-server-1.9.jar:/usr/local/hadoop-2.8.1/share/hadoop/hdfs/lib/jsr305-3.0.0.jar:/usr/local/hadoop-2.8.1/share/hadoop/hdfs/lib/protobuf-java-2.5.0.jar:/usr/local/hadoop-2.8.1/share/hadoop/hdfs/lib/leveldbjni-all-1.8.jar:/usr/local/hadoop-2.8.1/share/hadoop/hdfs/hadoop-hdfs-2.8.1-tests.jar:/usr/local/hadoop-2.8.1/share/hadoop/hdfs/hadoop-hdfs-nfs-2.8.1.jar:/usr/local/hadoop-2.8.1/share/hadoop/hdfs/hadoop-hdfs-client-2.8.1-tests.jar:/usr/local/hadoop-2.8.1/share/hadoop/hdfs/hadoop-hdfs-2.8.1.jar:/usr/local/hadoop-2.8.1/share/hadoop/hdfs/hadoop-hdfs-native-client-2.8.1.jar:/usr/local/hadoop-2.8.1/share/hadoop/hdfs/hadoop-hdfs-client-2.8.1.jar:/usr/local/hadoop-2.8.1/share/hadoop/hdfs/hadoop-hdfs-native-client-2.8.1-tests.jar:/usr/local/hadoop-2.8.1/share/hadoop/yarn/lib/fst-2.24.jar:/usr/local/hadoop-2.8.1/share/hadoop/yarn/lib/jaxb-impl-2.2.3-1.jar:/usr/local/hadoop-2.8.1/share/hadoop/yarn/lib/jaxb-api-2.2.2.jar:/usr/local/hadoop-2.8.1/share/hadoop/yarn/lib/aopalliance-1.0.jar:/usr/local/hadoop-2.8.1/share/hadoop/yarn/lib/guava-11.0.2.jar:/usr/local/hadoop-2.8.1/share/hadoop/yarn/lib/curator-test-2.7.1.jar:/usr/local/hadoop-2.8.1/share/hadoop/yarn/lib/objenesis-2.1.jar:/usr/local/hadoop-2.8.1/share/hadoop/yarn/lib/curator-client-2.7.1.jar:/usr/local/hadoop-2.8.1/share/hadoop/yarn/lib/xz-1.0.jar:/usr/local/hadoop-2.8.1/share/hadoop/yarn/lib/activation-1.1.jar:/usr/local/hadoop-2.8.1/share/hadoop/yarn/lib/netty-3.6.2.Final.jar:/usr/local/hadoop-2.8.1/share/hadoop/yarn/lib/commons-codec-1.4.jar:/usr/local/hadoop-2.8.1/share/hadoop/yarn/lib/log4j-1.2.17.jar:/usr/local/hadoop-2.8.1/share/hadoop/yarn/lib/jersey-core-1.9.jar:/usr/local/hadoop-2.8.1/share/hadoop/yarn/lib/jackson-mapper-asl-1.9.13.jar:/usr/local/hadoop-2.8.1/share/hadoop/yarn/lib/guice-servlet-3.0.jar:/usr/local/hadoop-2.8.1/share/hadoop/yarn/lib/zookeeper-3.4.6-tests.jar:/usr/local/hadoop-2.8.1/share/hadoop/yarn/lib/commons-logging-1.1.3.jar:/usr/local/hadoop-2.8.1/share/hadoop/yarn/lib/guice-3.0.jar:/usr/local/hadoop-2.8.1/share/hadoop/yarn/lib/servlet-api-2.5.jar:/usr/local/hadoop-2.8.1/share/hadoop/yarn/lib/jersey-client-1.9.jar:/usr/local/hadoop-2.8.1/share/hadoop/yarn/lib/commons-cli-1.2.jar:/usr/local/hadoop-2.8.1/share/hadoop/yarn/lib/jackson-core-asl-1.9.13.jar:/usr/local/hadoop-2.8.1/share/hadoop/yarn/lib/commons-math-2.2.jar:/usr/local/hadoop-2.8.1/share/hadoop/yarn/lib/stax-api-1.0-2.jar:/usr/local/hadoop-2.8.1/share/hadoop/yarn/lib/commons-lang-2.6.jar:/usr/local/hadoop-2.8.1/share/hadoop/yarn/lib/asm-3.2.jar:/usr/local/hadoop-2.8.1/share/hadoop/yarn/lib/javax.inject-1.jar:/usr/local/hadoop-2.8.1/share/hadoop/yarn/lib/jackson-jaxrs-1.9.13.jar:/usr/local/hadoop-2.8.1/share/hadoop/yarn/lib/jackson-xc-1.9.13.jar:/usr/local/hadoop-2.8.1/share/hadoop/yarn/lib/jettison-1.1.jar:/usr/local/hadoop-2.8.1/share/hadoop/yarn/lib/jetty-util-6.1.26.jar:/usr/local/hadoop-2.8.1/share/hadoop/yarn/lib/jersey-guice-1.9.jar:/usr/local/hadoop-2.8.1/share/hadoop/yarn/lib/javassist-3.18.1-GA.jar:/usr/local/hadoop-2.8.1/share/hadoop/yarn/lib/zookeeper-3.4.6.jar:/usr/local/hadoop-2.8.1/share/hadoop/yarn/lib/commons-io-2.4.jar:/usr/local/hadoop-2.8.1/share/hadoop/yarn/lib/jetty-6.1.26.jar:/usr/local/hadoop-2.8.1/share/hadoop/yarn/lib/commons-collections-3.2.2.jar:/usr/local/hadoop-2.8.1/share/hadoop/yarn/lib/jersey-json-1.9.jar:/usr/local/hadoop-2.8.1/share/hadoop/yarn/lib/jersey-server-1.9.jar:/usr/local/hadoop-2.8.1/share/hadoop/yarn/lib/jsr305-3.0.0.jar:/usr/local/hadoop-2.8.1/share/hadoop/yarn/lib/protobuf-java-2.5.0.jar:/usr/local/hadoop-2.8.1/share/hadoop/yarn/lib/leveldbjni-all-1.8.jar:/usr/local/hadoop-2.8.1/share/hadoop/yarn/lib/commons-compress-1.4.1.jar:/usr/local/hadoop-2.8.1/share/hadoop/yarn/hadoop-yarn-server-timeline-pluginstorage-2.8.1.jar:/usr/local/hadoop-2.8.1/share/hadoop/yarn/hadoop-yarn-server-resourcemanager-2.8.1.jar:/usr/local/hadoop-2.8.1/share/hadoop/yarn/hadoop-yarn-server-web-proxy-2.8.1.jar:/usr/local/hadoop-2.8.1/share/hadoop/yarn/hadoop-yarn-server-nodemanager-2.8.1.jar:/usr/local/hadoop-2.8.1/share/hadoop/yarn/hadoop-yarn-server-sharedcachemanager-2.8.1.jar:/usr/local/hadoop-2.8.1/share/hadoop/yarn/hadoop-yarn-applications-distributedshell-2.8.1.jar:/usr/local/hadoop-2.8.1/share/hadoop/yarn/hadoop-yarn-server-tests-2.8.1.jar:/usr/local/hadoop-2.8.1/share/hadoop/yarn/hadoop-yarn-client-2.8.1.jar:/usr/local/hadoop-2.8.1/share/hadoop/yarn/hadoop-yarn-api-2.8.1.jar:/usr/local/hadoop-2.8.1/share/hadoop/yarn/hadoop-yarn-registry-2.8.1.jar:/usr/local/hadoop-2.8.1/share/hadoop/yarn/hadoop-yarn-applications-unmanaged-am-launcher-2.8.1.jar:/usr/local/hadoop-2.8.1/share/hadoop/yarn/hadoop-yarn-server-common-2.8.1.jar:/usr/local/hadoop-2.8.1/share/hadoop/yarn/hadoop-yarn-server-applicationhistoryservice-2.8.1.jar:/usr/local/hadoop-2.8.1/share/hadoop/yarn/hadoop-yarn-common-2.8.1.jar:/usr/local/hadoop-2.8.1/share/hadoop/mapreduce/lib/aopalliance-1.0.jar:/usr/local/hadoop-2.8.1/share/hadoop/mapreduce/lib/xz-1.0.jar:/usr/local/hadoop-2.8.1/share/hadoop/mapreduce/lib/netty-3.6.2.Final.jar:/usr/local/hadoop-2.8.1/share/hadoop/mapreduce/lib/log4j-1.2.17.jar:/usr/local/hadoop-2.8.1/share/hadoop/mapreduce/lib/jersey-core-1.9.jar:/usr/local/hadoop-2.8.1/share/hadoop/mapreduce/lib/jackson-mapper-asl-1.9.13.jar:/usr/local/hadoop-2.8.1/share/hadoop/mapreduce/lib/avro-1.7.4.jar:/usr/local/hadoop-2.8.1/share/hadoop/mapreduce/lib/guice-servlet-3.0.jar:/usr/local/hadoop-2.8.1/share/hadoop/mapreduce/lib/hadoop-annotations-2.8.1.jar:/usr/local/hadoop-2.8.1/share/hadoop/mapreduce/lib/guice-3.0.jar:/usr/local/hadoop-2.8.1/share/hadoop/mapreduce/lib/jackson-core-asl-1.9.13.jar:/usr/local/hadoop-2.8.1/share/hadoop/mapreduce/lib/hamcrest-core-1.3.jar:/usr/local/hadoop-2.8.1/share/hadoop/mapreduce/lib/snappy-java-1.0.4.1.jar:/usr/local/hadoop-2.8.1/share/hadoop/mapreduce/lib/junit-4.11.jar:/usr/local/hadoop-2.8.1/share/hadoop/mapreduce/lib/asm-3.2.jar:/usr/local/hadoop-2.8.1/share/hadoop/mapreduce/lib/javax.inject-1.jar:/usr/local/hadoop-2.8.1/share/hadoop/mapreduce/lib/jersey-guice-1.9.jar:/usr/local/hadoop-2.8.1/share/hadoop/mapreduce/lib/paranamer-2.3.jar:/usr/local/hadoop-2.8.1/share/hadoop/mapreduce/lib/commons-io-2.4.jar:/usr/local/hadoop-2.8.1/share/hadoop/mapreduce/lib/jersey-server-1.9.jar:/usr/local/hadoop-2.8.1/share/hadoop/mapreduce/lib/protobuf-java-2.5.0.jar:/usr/local/hadoop-2.8.1/share/hadoop/mapreduce/lib/leveldbjni-all-1.8.jar:/usr/local/hadoop-2.8.1/share/hadoop/mapreduce/lib/commons-compress-1.4.1.jar:/usr/local/hadoop-2.8.1/share/hadoop/mapreduce/hadoop-mapreduce-examples-2.8.1.jar:/usr/local/hadoop-2.8.1/share/hadoop/mapreduce/hadoop-mapreduce-client-hs-plugins-2.8.1.jar:/usr/local/hadoop-2.8.1/share/hadoop/mapreduce/hadoop-mapreduce-client-jobclient-2.8.1.jar:/usr/local/hadoop-2.8.1/share/hadoop/mapreduce/hadoop-mapreduce-client-app-2.8.1.jar:/usr/local/hadoop-2.8.1/share/hadoop/mapreduce/hadoop-mapreduce-client-common-2.8.1.jar:/usr/local/hadoop-2.8.1/share/hadoop/mapreduce/hadoop-mapreduce-client-core-2.8.1.jar:/usr/local/hadoop-2.8.1/share/hadoop/mapreduce/hadoop-mapreduce-client-hs-2.8.1.jar:/usr/local/hadoop-2.8.1/share/hadoop/mapreduce/hadoop-mapreduce-client-jobclient-2.8.1-tests.jar:/usr/local/hadoop-2.8.1/share/hadoop/mapreduce/hadoop-mapreduce-client-shuffle-2.8.1.jar:/contrib/capacity-scheduler/*.jar:/contrib/capacity-scheduler/*.jar:/contrib/capacity-scheduler/*.jar
STARTUP_MSG:   build = https://git-wip-us.apache.org/repos/asf/hadoop.git -r 20fe5304904fc2f5a18053c389e43cd26f7a70fe; compiled by 'vinodkv' on 2017-06-02T06:14Z
STARTUP_MSG:   java = 1.8.0_201
************************************************************/
2019-02-18 11:54:34,568 INFO org.apache.hadoop.hdfs.server.namenode.NameNode: registered UNIX signal handlers for [TERM, HUP, INT]
2019-02-18 11:54:34,588 INFO org.apache.hadoop.hdfs.server.namenode.NameNode: createNameNode []
2019-02-18 11:54:35,478 INFO org.apache.hadoop.metrics2.impl.MetricsConfig: loaded properties from hadoop-metrics2.properties
2019-02-18 11:54:35,801 INFO org.apache.hadoop.metrics2.impl.MetricsSystemImpl: Scheduled Metric snapshot period at 10 second(s).
2019-02-18 11:54:35,801 INFO org.apache.hadoop.metrics2.impl.MetricsSystemImpl: NameNode metrics system started
2019-02-18 11:54:35,839 INFO org.apache.hadoop.hdfs.server.namenode.NameNode: fs.defaultFS is hdfs://localhost:9000
2019-02-18 11:54:35,843 INFO org.apache.hadoop.hdfs.server.namenode.NameNode: Clients are to use localhost:9000 to access this namenode/service.
2019-02-18 11:54:36,646 INFO org.apache.hadoop.util.JvmPauseMonitor: Starting JVM pause monitor
2019-02-18 11:54:36,751 INFO org.apache.hadoop.hdfs.DFSUtil: Starting Web-server for hdfs at: http://0.0.0.0:50070
2019-02-18 11:54:37,129 INFO org.mortbay.log: Logging to org.slf4j.impl.Log4jLoggerAdapter(org.mortbay.log) via org.mortbay.log.Slf4jLog
2019-02-18 11:54:37,193 INFO org.apache.hadoop.security.authentication.server.AuthenticationFilter: Unable to initialize FileSignerSecretProvider, falling back to use random secrets.
2019-02-18 11:54:37,229 INFO org.apache.hadoop.http.HttpRequestLog: Http request log for http.requests.namenode is not defined
2019-02-18 11:54:37,263 INFO org.apache.hadoop.http.HttpServer2: Added global filter 'safety' (class=org.apache.hadoop.http.HttpServer2$QuotingInputFilter)
2019-02-18 11:54:37,279 INFO org.apache.hadoop.http.HttpServer2: Added filter static_user_filter (class=org.apache.hadoop.http.lib.StaticUserWebFilter$StaticUserFilter) to context hdfs
2019-02-18 11:54:37,279 INFO org.apache.hadoop.http.HttpServer2: Added filter static_user_filter (class=org.apache.hadoop.http.lib.StaticUserWebFilter$StaticUserFilter) to context static
2019-02-18 11:54:37,279 INFO org.apache.hadoop.http.HttpServer2: Added filter static_user_filter (class=org.apache.hadoop.http.lib.StaticUserWebFilter$StaticUserFilter) to context logs
2019-02-18 11:54:37,981 INFO org.apache.hadoop.http.HttpServer2: Added filter 'org.apache.hadoop.hdfs.web.AuthFilter' (class=org.apache.hadoop.hdfs.web.AuthFilter)
2019-02-18 11:54:37,986 INFO org.apache.hadoop.http.HttpServer2: addJerseyResourcePackage: packageName=org.apache.hadoop.hdfs.server.namenode.web.resources;org.apache.hadoop.hdfs.web.resources, pathSpec=/webhdfs/v1/*
2019-02-18 11:54:38,116 INFO org.apache.hadoop.http.HttpServer2: Jetty bound to port 50070
2019-02-18 11:54:38,116 INFO org.mortbay.log: jetty-6.1.26
2019-02-18 11:54:38,912 INFO org.mortbay.log: Started HttpServer2$SelectChannelConnectorWithSafeStartup@0.0.0.0:50070
2019-02-18 11:54:38,999 WARN org.apache.hadoop.hdfs.server.namenode.FSNamesystem: Only one image storage directory (dfs.namenode.name.dir) configured. Beware of data loss due to lack of redundant storage directories!
2019-02-18 11:54:39,000 WARN org.apache.hadoop.hdfs.server.namenode.FSNamesystem: Only one namespace edits storage directory (dfs.namenode.edits.dir) configured. Beware of data loss due to lack of redundant storage directories!
2019-02-18 11:54:39,169 INFO org.apache.hadoop.hdfs.server.namenode.FSEditLog: Edit logging is async:false
2019-02-18 11:54:39,222 INFO org.apache.hadoop.hdfs.server.namenode.FSNamesystem: KeyProvider: null
2019-02-18 11:54:39,236 INFO org.apache.hadoop.hdfs.server.namenode.FSNamesystem: fsLock is fair: true
2019-02-18 11:54:39,250 INFO org.apache.hadoop.hdfs.server.namenode.FSNamesystem: Detailed lock hold time metrics enabled: false
2019-02-18 11:54:39,518 INFO org.apache.hadoop.hdfs.server.blockmanagement.DatanodeManager: dfs.block.invalidate.limit=1000
2019-02-18 11:54:39,518 INFO org.apache.hadoop.hdfs.server.blockmanagement.DatanodeManager: dfs.namenode.datanode.registration.ip-hostname-check=true
2019-02-18 11:54:39,533 INFO org.apache.hadoop.hdfs.server.blockmanagement.BlockManager: dfs.namenode.startup.delay.block.deletion.sec is set to 000:00:00:00.000
2019-02-18 11:54:39,534 INFO org.apache.hadoop.hdfs.server.blockmanagement.BlockManager: The block deletion will start around 2019 Feb 18 11:54:39
2019-02-18 11:54:39,547 INFO org.apache.hadoop.util.GSet: Computing capacity for map BlocksMap
2019-02-18 11:54:39,547 INFO org.apache.hadoop.util.GSet: VM type       = 64-bit
2019-02-18 11:54:39,560 INFO org.apache.hadoop.util.GSet: 2.0% max memory 966.7 MB = 19.3 MB
2019-02-18 11:54:39,561 INFO org.apache.hadoop.util.GSet: capacity      = 2^21 = 2097152 entries
2019-02-18 11:54:39,730 INFO org.apache.hadoop.hdfs.server.blockmanagement.BlockManager: dfs.block.access.token.enable=false
2019-02-18 11:54:39,751 INFO org.apache.hadoop.hdfs.server.blockmanagement.BlockManager: defaultReplication         = 1
2019-02-18 11:54:39,751 INFO org.apache.hadoop.hdfs.server.blockmanagement.BlockManager: maxReplication             = 512
2019-02-18 11:54:39,751 INFO org.apache.hadoop.hdfs.server.blockmanagement.BlockManager: minReplication             = 1
2019-02-18 11:54:39,751 INFO org.apache.hadoop.hdfs.server.blockmanagement.BlockManager: maxReplicationStreams      = 2
2019-02-18 11:54:39,751 INFO org.apache.hadoop.hdfs.server.blockmanagement.BlockManager: replicationRecheckInterval = 3000
2019-02-18 11:54:39,751 INFO org.apache.hadoop.hdfs.server.blockmanagement.BlockManager: encryptDataTransfer        = false
2019-02-18 11:54:39,752 INFO org.apache.hadoop.hdfs.server.blockmanagement.BlockManager: maxNumBlocksToLog          = 1000
2019-02-18 11:54:39,791 INFO org.apache.hadoop.hdfs.server.namenode.FSNamesystem: fsOwner             = hdpuser (auth:SIMPLE)
2019-02-18 11:54:39,791 INFO org.apache.hadoop.hdfs.server.namenode.FSNamesystem: supergroup          = supergroup
2019-02-18 11:54:39,791 INFO org.apache.hadoop.hdfs.server.namenode.FSNamesystem: isPermissionEnabled = true
2019-02-18 11:54:39,796 INFO org.apache.hadoop.hdfs.server.namenode.FSNamesystem: HA Enabled: false
2019-02-18 11:54:39,798 INFO org.apache.hadoop.hdfs.server.namenode.FSNamesystem: Append Enabled: true
2019-02-18 11:54:41,452 INFO org.apache.hadoop.util.GSet: Computing capacity for map INodeMap
2019-02-18 11:54:41,452 INFO org.apache.hadoop.util.GSet: VM type       = 64-bit
2019-02-18 11:54:41,453 INFO org.apache.hadoop.util.GSet: 1.0% max memory 966.7 MB = 9.7 MB
2019-02-18 11:54:41,453 INFO org.apache.hadoop.util.GSet: capacity      = 2^20 = 1048576 entries
2019-02-18 11:54:41,463 INFO org.apache.hadoop.hdfs.server.namenode.FSDirectory: ACLs enabled? false
2019-02-18 11:54:41,463 INFO org.apache.hadoop.hdfs.server.namenode.FSDirectory: XAttrs enabled? true
2019-02-18 11:54:41,466 INFO org.apache.hadoop.hdfs.server.namenode.NameNode: Caching file names occurring more than 10 times
2019-02-18 11:54:41,503 INFO org.apache.hadoop.util.GSet: Computing capacity for map cachedBlocks
2019-02-18 11:54:41,503 INFO org.apache.hadoop.util.GSet: VM type       = 64-bit
2019-02-18 11:54:41,504 INFO org.apache.hadoop.util.GSet: 0.25% max memory 966.7 MB = 2.4 MB
2019-02-18 11:54:41,504 INFO org.apache.hadoop.util.GSet: capacity      = 2^18 = 262144 entries
2019-02-18 11:54:41,519 INFO org.apache.hadoop.hdfs.server.namenode.FSNamesystem: dfs.namenode.safemode.threshold-pct = 0.9990000128746033
2019-02-18 11:54:41,519 INFO org.apache.hadoop.hdfs.server.namenode.FSNamesystem: dfs.namenode.safemode.min.datanodes = 0
2019-02-18 11:54:41,519 INFO org.apache.hadoop.hdfs.server.namenode.FSNamesystem: dfs.namenode.safemode.extension     = 30000
2019-02-18 11:54:41,541 INFO org.apache.hadoop.hdfs.server.namenode.top.metrics.TopMetrics: NNTop conf: dfs.namenode.top.window.num.buckets = 10
2019-02-18 11:54:41,548 INFO org.apache.hadoop.hdfs.server.namenode.top.metrics.TopMetrics: NNTop conf: dfs.namenode.top.num.users = 10
2019-02-18 11:54:41,548 INFO org.apache.hadoop.hdfs.server.namenode.top.metrics.TopMetrics: NNTop conf: dfs.namenode.top.windows.minutes = 1,5,25
2019-02-18 11:54:41,572 INFO org.apache.hadoop.hdfs.server.namenode.FSNamesystem: Retry cache on namenode is enabled
2019-02-18 11:54:41,573 INFO org.apache.hadoop.hdfs.server.namenode.FSNamesystem: Retry cache will use 0.03 of total heap and retry cache entry expiry time is 600000 millis
2019-02-18 11:54:41,588 INFO org.apache.hadoop.util.GSet: Computing capacity for map NameNodeRetryCache
2019-02-18 11:54:41,588 INFO org.apache.hadoop.util.GSet: VM type       = 64-bit
2019-02-18 11:54:41,589 INFO org.apache.hadoop.util.GSet: 0.029999999329447746% max memory 966.7 MB = 297.0 KB
2019-02-18 11:54:41,589 INFO org.apache.hadoop.util.GSet: capacity      = 2^15 = 32768 entries
2019-02-18 11:54:41,691 INFO org.apache.hadoop.hdfs.server.common.Storage: Lock on /usr/local/hadoop/hadoopdata/hdfs/namenode/in_use.lock acquired by nodename 13185@ubuntu
2019-02-18 11:54:41,892 INFO org.apache.hadoop.hdfs.server.namenode.FileJournalManager: Recovering unfinalized segments in /usr/local/hadoop/hadoopdata/hdfs/namenode/current
2019-02-18 11:54:41,893 INFO org.apache.hadoop.hdfs.server.namenode.FSImage: No edit log streams selected.
2019-02-18 11:54:41,893 INFO org.apache.hadoop.hdfs.server.namenode.FSImage: Planning to load image: FSImageFile(file=/usr/local/hadoop/hadoopdata/hdfs/namenode/current/fsimage_0000000000000000000, cpktTxId=0000000000000000000)
2019-02-18 11:54:42,094 INFO org.apache.hadoop.hdfs.server.namenode.FSImageFormatPBINode: Loading 1 INodes.
2019-02-18 11:54:42,269 INFO org.apache.hadoop.hdfs.server.namenode.FSImageFormatProtobuf: Loaded FSImage in 0 seconds.
2019-02-18 11:54:42,269 INFO org.apache.hadoop.hdfs.server.namenode.FSImage: Loaded image for txid 0 from /usr/local/hadoop/hadoopdata/hdfs/namenode/current/fsimage_0000000000000000000
2019-02-18 11:54:42,302 INFO org.apache.hadoop.hdfs.server.namenode.FSNamesystem: Need to save fs image? false (staleImage=false, haEnabled=false, isRollingUpgrade=false)
2019-02-18 11:54:42,302 INFO org.apache.hadoop.hdfs.server.namenode.FSEditLog: Starting log segment at 1
2019-02-18 11:54:43,082 INFO org.apache.hadoop.hdfs.server.namenode.FSNamesystem: FSNamesystem write lock held for 1476 ms via
java.lang.Thread.getStackTrace(Thread.java:1559)
org.apache.hadoop.util.StringUtils.getStackTrace(StringUtils.java:1032)
org.apache.hadoop.hdfs.server.namenode.FSNamesystemLock.writeUnlock(FSNamesystemLock.java:233)
org.apache.hadoop.hdfs.server.namenode.FSNamesystem.writeUnlock(FSNamesystem.java:1537)
org.apache.hadoop.hdfs.server.namenode.FSNamesystem.loadFSImage(FSNamesystem.java:1041)
org.apache.hadoop.hdfs.server.namenode.FSNamesystem.loadFromDisk(FSNamesystem.java:691)
org.apache.hadoop.hdfs.server.namenode.NameNode.loadNamesystem(NameNode.java:634)
org.apache.hadoop.hdfs.server.namenode.NameNode.initialize(NameNode.java:695)
org.apache.hadoop.hdfs.server.namenode.NameNode.<init>(NameNode.java:898)
org.apache.hadoop.hdfs.server.namenode.NameNode.<init>(NameNode.java:877)
org.apache.hadoop.hdfs.server.namenode.NameNode.createNameNode(NameNode.java:1603)
org.apache.hadoop.hdfs.server.namenode.NameNode.main(NameNode.java:1671)
	Number of suppressed write-lock reports: 0
	Longest write-lock held interval: 1476
2019-02-18 11:54:43,083 INFO org.apache.hadoop.hdfs.server.namenode.NameCache: initialized with 0 entries 0 lookups
2019-02-18 11:54:43,083 INFO org.apache.hadoop.hdfs.server.namenode.FSNamesystem: Finished loading FSImage in 1477 msecs
2019-02-18 11:54:44,757 INFO org.apache.hadoop.hdfs.server.namenode.NameNode: RPC server is binding to localhost:9000
2019-02-18 11:54:44,841 INFO org.apache.hadoop.ipc.CallQueueManager: Using callQueue: class java.util.concurrent.LinkedBlockingQueue queueCapacity: 1000 scheduler: class org.apache.hadoop.ipc.DefaultRpcScheduler
2019-02-18 11:54:44,976 INFO org.apache.hadoop.ipc.Server: Starting Socket Reader #1 for port 9000
2019-02-18 11:54:45,612 INFO org.apache.hadoop.hdfs.server.namenode.FSNamesystem: Registered FSNamesystemState MBean
2019-02-18 11:54:45,681 INFO org.apache.hadoop.hdfs.server.namenode.LeaseManager: Number of blocks under construction: 0
2019-02-18 11:54:45,681 INFO org.apache.hadoop.hdfs.server.blockmanagement.BlockManager: initializing replication queues
2019-02-18 11:54:45,688 INFO org.apache.hadoop.hdfs.StateChange: STATE* Leaving safe mode after 6 secs
2019-02-18 11:54:45,688 INFO org.apache.hadoop.hdfs.StateChange: STATE* Network topology has 0 racks and 0 datanodes
2019-02-18 11:54:45,694 INFO org.apache.hadoop.hdfs.StateChange: STATE* UnderReplicatedBlocks has 0 blocks
2019-02-18 11:54:45,796 INFO org.apache.hadoop.hdfs.server.blockmanagement.BlockManager: Total number of blocks            = 0
2019-02-18 11:54:45,796 INFO org.apache.hadoop.hdfs.server.blockmanagement.BlockManager: Number of invalid blocks          = 0
2019-02-18 11:54:45,796 INFO org.apache.hadoop.hdfs.server.blockmanagement.BlockManager: Number of under-replicated blocks = 0
2019-02-18 11:54:45,797 INFO org.apache.hadoop.hdfs.server.blockmanagement.BlockManager: Number of  over-replicated blocks = 0
2019-02-18 11:54:45,797 INFO org.apache.hadoop.hdfs.server.blockmanagement.BlockManager: Number of blocks being written    = 0
2019-02-18 11:54:45,797 INFO org.apache.hadoop.hdfs.StateChange: STATE* Replication Queue initialization scan for invalid, over- and under-replicated blocks completed in 79 msec
2019-02-18 11:54:46,121 INFO org.apache.hadoop.ipc.Server: IPC Server Responder: starting
2019-02-18 11:54:46,136 INFO org.apache.hadoop.ipc.Server: IPC Server listener on 9000: starting
2019-02-18 11:54:46,153 INFO org.apache.hadoop.hdfs.server.namenode.NameNode: NameNode RPC up at: localhost/127.0.0.1:9000
2019-02-18 11:54:46,227 INFO org.apache.hadoop.hdfs.server.namenode.FSNamesystem: Starting services required for active state
2019-02-18 11:54:46,228 INFO org.apache.hadoop.hdfs.server.namenode.FSDirectory: Initializing quota with 4 thread(s)
2019-02-18 11:54:46,257 INFO org.apache.hadoop.hdfs.server.namenode.FSDirectory: Quota initialization completed in 29 milliseconds
name space=1
storage space=0
storage types=RAM_DISK=0, SSD=0, DISK=0, ARCHIVE=0
2019-02-18 11:54:46,288 INFO org.apache.hadoop.hdfs.server.blockmanagement.CacheReplicationMonitor: Starting CacheReplicationMonitor with interval 30000 milliseconds
2019-02-18 11:54:51,876 INFO org.apache.hadoop.hdfs.StateChange: BLOCK* registerDatanode: from DatanodeRegistration(127.0.0.1:50010, datanodeUuid=7e70d04e-3b37-4501-9566-c8654a32f7b6, infoPort=50075, infoSecurePort=0, ipcPort=50020, storageInfo=lv=-57;cid=CID-bed054a5-ff55-4cb3-bba8-9f0b6926c6df;nsid=435932719;c=1550519299643) storage 7e70d04e-3b37-4501-9566-c8654a32f7b6
2019-02-18 11:54:51,878 INFO org.apache.hadoop.net.NetworkTopology: Adding a new node: /default-rack/127.0.0.1:50010
2019-02-18 11:54:51,878 INFO org.apache.hadoop.hdfs.server.blockmanagement.BlockReportLeaseManager: Registered DN 7e70d04e-3b37-4501-9566-c8654a32f7b6 (127.0.0.1:50010).
2019-02-18 11:54:52,045 INFO org.apache.hadoop.hdfs.server.blockmanagement.DatanodeDescriptor: Adding new storage ID DS-25d0464b-b930-4b3c-a6e0-832836a36aad for DN 127.0.0.1:50010
2019-02-18 11:54:52,143 INFO BlockStateChange: BLOCK* processReport 0x1faf046e37e3bffb: Processing first storage report for DS-25d0464b-b930-4b3c-a6e0-832836a36aad from datanode 7e70d04e-3b37-4501-9566-c8654a32f7b6
2019-02-18 11:54:52,146 INFO BlockStateChange: BLOCK* processReport 0x1faf046e37e3bffb: from storage DS-25d0464b-b930-4b3c-a6e0-832836a36aad node DatanodeRegistration(127.0.0.1:50010, datanodeUuid=7e70d04e-3b37-4501-9566-c8654a32f7b6, infoPort=50075, infoSecurePort=0, ipcPort=50020, storageInfo=lv=-57;cid=CID-bed054a5-ff55-4cb3-bba8-9f0b6926c6df;nsid=435932719;c=1550519299643), blocks: 0, hasStaleStorage: false, processing time: 3 msecs, invalidatedBlocks: 0
2019-02-18 13:05:40,592 INFO org.apache.hadoop.hdfs.server.namenode.FSNamesystem: Roll Edit Log from 127.0.0.1
2019-02-18 13:05:40,592 INFO org.apache.hadoop.hdfs.server.namenode.FSEditLog: Rolling edit logs
2019-02-18 13:05:40,592 INFO org.apache.hadoop.hdfs.server.namenode.FSEditLog: Ending log segment 1, 1
2019-02-18 13:05:40,593 INFO org.apache.hadoop.hdfs.server.namenode.FSEditLog: logSyncAll toSyncToTxId=2 lastSyncedTxid=1 mostRecentTxid=2
2019-02-18 13:05:40,593 INFO org.apache.hadoop.hdfs.server.namenode.FSEditLog: Number of transactions: 2 Total time for transactions(ms): 1 Number of transactions batched in Syncs: 0 Number of syncs: 2 SyncTimes(ms): 20 
2019-02-18 13:05:40,596 INFO org.apache.hadoop.hdfs.server.namenode.FSEditLog: Done logSyncAll lastWrittenTxId=2 lastSyncedTxid=2 mostRecentTxid=2
2019-02-18 13:05:40,596 INFO org.apache.hadoop.hdfs.server.namenode.FSEditLog: Number of transactions: 2 Total time for transactions(ms): 1 Number of transactions batched in Syncs: 0 Number of syncs: 3 SyncTimes(ms): 20 
2019-02-18 13:05:40,599 INFO org.apache.hadoop.hdfs.server.namenode.FileJournalManager: Finalizing edits file /usr/local/hadoop/hadoopdata/hdfs/namenode/current/edits_inprogress_0000000000000000001 -> /usr/local/hadoop/hadoopdata/hdfs/namenode/current/edits_0000000000000000001-0000000000000000002
2019-02-18 13:05:40,717 INFO org.apache.hadoop.hdfs.server.namenode.FSEditLog: Starting log segment at 3
2019-02-18 13:05:41,750 INFO org.apache.hadoop.hdfs.server.namenode.TransferFsImage: Transfer took 0.00s at 0.00 KB/s
2019-02-18 13:05:41,750 INFO org.apache.hadoop.hdfs.server.namenode.TransferFsImage: Downloaded file fsimage.ckpt_0000000000000000002 size 324 bytes.
2019-02-18 13:05:41,752 INFO org.apache.hadoop.hdfs.server.namenode.NNStorageRetentionManager: Going to retain 2 images with txid >= 0
2019-02-18 13:32:31,798 INFO org.apache.hadoop.hdfs.server.namenode.FSEditLog: Number of transactions: 3 Total time for transactions(ms): 17 Number of transactions batched in Syncs: 0 Number of syncs: 2 SyncTimes(ms): 18 
2019-02-18 13:33:32,440 INFO org.apache.hadoop.hdfs.server.namenode.FSEditLog: Number of transactions: 9 Total time for transactions(ms): 20 Number of transactions batched in Syncs: 1 Number of syncs: 8 SyncTimes(ms): 21 
2019-02-18 14:13:41,943 INFO org.apache.hadoop.hdfs.server.namenode.FSEditLog: Number of transactions: 14 Total time for transactions(ms): 20 Number of transactions batched in Syncs: 1 Number of syncs: 10 SyncTimes(ms): 21 
2019-02-18 14:27:25,761 INFO org.apache.hadoop.hdfs.server.namenode.FSNamesystem: Roll Edit Log from 127.0.0.1
2019-02-18 14:27:25,761 INFO org.apache.hadoop.hdfs.server.namenode.FSEditLog: Rolling edit logs
2019-02-18 14:27:25,761 INFO org.apache.hadoop.hdfs.server.namenode.FSEditLog: Ending log segment 3, 18
2019-02-18 14:27:25,761 INFO org.apache.hadoop.hdfs.server.namenode.FSEditLog: logSyncAll toSyncToTxId=19 lastSyncedTxid=18 mostRecentTxid=19
2019-02-18 14:27:25,761 INFO org.apache.hadoop.hdfs.server.namenode.FSEditLog: Number of transactions: 17 Total time for transactions(ms): 20 Number of transactions batched in Syncs: 4 Number of syncs: 13 SyncTimes(ms): 25 
2019-02-18 14:27:25,762 INFO org.apache.hadoop.hdfs.server.namenode.FSEditLog: Done logSyncAll lastWrittenTxId=19 lastSyncedTxid=19 mostRecentTxid=19
2019-02-18 14:27:25,762 INFO org.apache.hadoop.hdfs.server.namenode.FSEditLog: Number of transactions: 17 Total time for transactions(ms): 20 Number of transactions batched in Syncs: 4 Number of syncs: 14 SyncTimes(ms): 26 
2019-02-18 14:27:25,763 INFO org.apache.hadoop.hdfs.server.namenode.FileJournalManager: Finalizing edits file /usr/local/hadoop/hadoopdata/hdfs/namenode/current/edits_inprogress_0000000000000000003 -> /usr/local/hadoop/hadoopdata/hdfs/namenode/current/edits_0000000000000000003-0000000000000000019
2019-02-18 14:27:25,766 INFO org.apache.hadoop.hdfs.server.namenode.FSEditLog: Starting log segment at 20
2019-02-18 14:27:25,863 INFO org.apache.hadoop.hdfs.server.namenode.TransferFsImage: Transfer took 0.00s at 0.00 KB/s
2019-02-18 14:27:25,863 INFO org.apache.hadoop.hdfs.server.namenode.TransferFsImage: Downloaded file fsimage.ckpt_0000000000000000019 size 855 bytes.
2019-02-18 14:27:25,867 INFO org.apache.hadoop.hdfs.server.namenode.NNStorageRetentionManager: Going to retain 2 images with txid >= 2
2019-02-18 14:27:25,867 INFO org.apache.hadoop.hdfs.server.namenode.NNStorageRetentionManager: Purging old image FSImageFile(file=/usr/local/hadoop/hadoopdata/hdfs/namenode/current/fsimage_0000000000000000000, cpktTxId=0000000000000000000)
2019-02-18 14:31:43,906 INFO org.apache.hadoop.hdfs.server.namenode.FSEditLog: Number of transactions: 2 Total time for transactions(ms): 2 Number of transactions batched in Syncs: 0 Number of syncs: 2 SyncTimes(ms): 3 
2019-02-18 14:58:06,327 INFO org.apache.hadoop.hdfs.server.namenode.FSEditLog: Number of transactions: 6 Total time for transactions(ms): 2 Number of transactions batched in Syncs: 0 Number of syncs: 6 SyncTimes(ms): 6 
2019-02-18 15:09:23,571 ERROR org.apache.hadoop.hdfs.server.namenode.NameNode: RECEIVED SIGNAL 15: SIGTERM
2019-02-18 15:09:23,915 INFO org.apache.hadoop.hdfs.server.namenode.NameNode: SHUTDOWN_MSG: 
/************************************************************
SHUTDOWN_MSG: Shutting down NameNode at ubuntu/127.0.1.1
************************************************************/
2019-02-20 14:15:38,984 INFO org.apache.hadoop.hdfs.server.namenode.NameNode: STARTUP_MSG: 
/************************************************************
STARTUP_MSG: Starting NameNode
STARTUP_MSG:   user = hdpuser
STARTUP_MSG:   host = ubuntu/127.0.1.1
STARTUP_MSG:   args = []
STARTUP_MSG:   version = 2.8.1
STARTUP_MSG:   classpath = /usr/local/hadoop/etc/hadoop:/usr/local/hadoop-2.8.1/share/hadoop/common/lib/jaxb-impl-2.2.3-1.jar:/usr/local/hadoop-2.8.1/share/hadoop/common/lib/slf4j-api-1.7.10.jar:/usr/local/hadoop-2.8.1/share/hadoop/common/lib/jaxb-api-2.2.2.jar:/usr/local/hadoop-2.8.1/share/hadoop/common/lib/guava-11.0.2.jar:/usr/local/hadoop-2.8.1/share/hadoop/common/lib/commons-configuration-1.6.jar:/usr/local/hadoop-2.8.1/share/hadoop/common/lib/curator-client-2.7.1.jar:/usr/local/hadoop-2.8.1/share/hadoop/common/lib/xz-1.0.jar:/usr/local/hadoop-2.8.1/share/hadoop/common/lib/activation-1.1.jar:/usr/local/hadoop-2.8.1/share/hadoop/common/lib/netty-3.6.2.Final.jar:/usr/local/hadoop-2.8.1/share/hadoop/common/lib/commons-codec-1.4.jar:/usr/local/hadoop-2.8.1/share/hadoop/common/lib/log4j-1.2.17.jar:/usr/local/hadoop-2.8.1/share/hadoop/common/lib/jersey-core-1.9.jar:/usr/local/hadoop-2.8.1/share/hadoop/common/lib/jackson-mapper-asl-1.9.13.jar:/usr/local/hadoop-2.8.1/share/hadoop/common/lib/jetty-sslengine-6.1.26.jar:/usr/local/hadoop-2.8.1/share/hadoop/common/lib/httpclient-4.5.2.jar:/usr/local/hadoop-2.8.1/share/hadoop/common/lib/avro-1.7.4.jar:/usr/local/hadoop-2.8.1/share/hadoop/common/lib/nimbus-jose-jwt-3.9.jar:/usr/local/hadoop-2.8.1/share/hadoop/common/lib/hadoop-annotations-2.8.1.jar:/usr/local/hadoop-2.8.1/share/hadoop/common/lib/java-xmlbuilder-0.4.jar:/usr/local/hadoop-2.8.1/share/hadoop/common/lib/commons-logging-1.1.3.jar:/usr/local/hadoop-2.8.1/share/hadoop/common/lib/servlet-api-2.5.jar:/usr/local/hadoop-2.8.1/share/hadoop/common/lib/commons-cli-1.2.jar:/usr/local/hadoop-2.8.1/share/hadoop/common/lib/jackson-core-asl-1.9.13.jar:/usr/local/hadoop-2.8.1/share/hadoop/common/lib/stax-api-1.0-2.jar:/usr/local/hadoop-2.8.1/share/hadoop/common/lib/hamcrest-core-1.3.jar:/usr/local/hadoop-2.8.1/share/hadoop/common/lib/commons-lang-2.6.jar:/usr/local/hadoop-2.8.1/share/hadoop/common/lib/snappy-java-1.0.4.1.jar:/usr/local/hadoop-2.8.1/share/hadoop/common/lib/junit-4.11.jar:/usr/local/hadoop-2.8.1/share/hadoop/common/lib/asm-3.2.jar:/usr/local/hadoop-2.8.1/share/hadoop/common/lib/htrace-core4-4.0.1-incubating.jar:/usr/local/hadoop-2.8.1/share/hadoop/common/lib/jackson-jaxrs-1.9.13.jar:/usr/local/hadoop-2.8.1/share/hadoop/common/lib/jackson-xc-1.9.13.jar:/usr/local/hadoop-2.8.1/share/hadoop/common/lib/apacheds-i18n-2.0.0-M15.jar:/usr/local/hadoop-2.8.1/share/hadoop/common/lib/commons-digester-1.8.jar:/usr/local/hadoop-2.8.1/share/hadoop/common/lib/jettison-1.1.jar:/usr/local/hadoop-2.8.1/share/hadoop/common/lib/apacheds-kerberos-codec-2.0.0-M15.jar:/usr/local/hadoop-2.8.1/share/hadoop/common/lib/jetty-util-6.1.26.jar:/usr/local/hadoop-2.8.1/share/hadoop/common/lib/api-util-1.0.0-M20.jar:/usr/local/hadoop-2.8.1/share/hadoop/common/lib/commons-math3-3.1.1.jar:/usr/local/hadoop-2.8.1/share/hadoop/common/lib/paranamer-2.3.jar:/usr/local/hadoop-2.8.1/share/hadoop/common/lib/jsp-api-2.1.jar:/usr/local/hadoop-2.8.1/share/hadoop/common/lib/slf4j-log4j12-1.7.10.jar:/usr/local/hadoop-2.8.1/share/hadoop/common/lib/curator-framework-2.7.1.jar:/usr/local/hadoop-2.8.1/share/hadoop/common/lib/httpcore-4.4.4.jar:/usr/local/hadoop-2.8.1/share/hadoop/common/lib/jsch-0.1.51.jar:/usr/local/hadoop-2.8.1/share/hadoop/common/lib/json-smart-1.1.1.jar:/usr/local/hadoop-2.8.1/share/hadoop/common/lib/zookeeper-3.4.6.jar:/usr/local/hadoop-2.8.1/share/hadoop/common/lib/commons-io-2.4.jar:/usr/local/hadoop-2.8.1/share/hadoop/common/lib/curator-recipes-2.7.1.jar:/usr/local/hadoop-2.8.1/share/hadoop/common/lib/jetty-6.1.26.jar:/usr/local/hadoop-2.8.1/share/hadoop/common/lib/api-asn1-api-1.0.0-M20.jar:/usr/local/hadoop-2.8.1/share/hadoop/common/lib/commons-beanutils-core-1.8.0.jar:/usr/local/hadoop-2.8.1/share/hadoop/common/lib/commons-collections-3.2.2.jar:/usr/local/hadoop-2.8.1/share/hadoop/common/lib/commons-beanutils-1.7.0.jar:/usr/local/hadoop-2.8.1/share/hadoop/common/lib/jersey-json-1.9.jar:/usr/local/hadoop-2.8.1/share/hadoop/common/lib/xmlenc-0.52.jar:/usr/local/hadoop-2.8.1/share/hadoop/common/lib/jersey-server-1.9.jar:/usr/local/hadoop-2.8.1/share/hadoop/common/lib/jsr305-3.0.0.jar:/usr/local/hadoop-2.8.1/share/hadoop/common/lib/mockito-all-1.8.5.jar:/usr/local/hadoop-2.8.1/share/hadoop/common/lib/protobuf-java-2.5.0.jar:/usr/local/hadoop-2.8.1/share/hadoop/common/lib/commons-net-3.1.jar:/usr/local/hadoop-2.8.1/share/hadoop/common/lib/hadoop-auth-2.8.1.jar:/usr/local/hadoop-2.8.1/share/hadoop/common/lib/gson-2.2.4.jar:/usr/local/hadoop-2.8.1/share/hadoop/common/lib/jcip-annotations-1.0.jar:/usr/local/hadoop-2.8.1/share/hadoop/common/lib/jets3t-0.9.0.jar:/usr/local/hadoop-2.8.1/share/hadoop/common/lib/commons-compress-1.4.1.jar:/usr/local/hadoop-2.8.1/share/hadoop/common/hadoop-common-2.8.1.jar:/usr/local/hadoop-2.8.1/share/hadoop/common/hadoop-common-2.8.1-tests.jar:/usr/local/hadoop-2.8.1/share/hadoop/common/hadoop-nfs-2.8.1.jar:/usr/local/hadoop-2.8.1/share/hadoop/hdfs:/usr/local/hadoop-2.8.1/share/hadoop/hdfs/lib/guava-11.0.2.jar:/usr/local/hadoop-2.8.1/share/hadoop/hdfs/lib/xml-apis-1.3.04.jar:/usr/local/hadoop-2.8.1/share/hadoop/hdfs/lib/netty-3.6.2.Final.jar:/usr/local/hadoop-2.8.1/share/hadoop/hdfs/lib/commons-daemon-1.0.13.jar:/usr/local/hadoop-2.8.1/share/hadoop/hdfs/lib/commons-codec-1.4.jar:/usr/local/hadoop-2.8.1/share/hadoop/hdfs/lib/log4j-1.2.17.jar:/usr/local/hadoop-2.8.1/share/hadoop/hdfs/lib/netty-all-4.0.23.Final.jar:/usr/local/hadoop-2.8.1/share/hadoop/hdfs/lib/jersey-core-1.9.jar:/usr/local/hadoop-2.8.1/share/hadoop/hdfs/lib/jackson-mapper-asl-1.9.13.jar:/usr/local/hadoop-2.8.1/share/hadoop/hdfs/lib/okhttp-2.4.0.jar:/usr/local/hadoop-2.8.1/share/hadoop/hdfs/lib/xercesImpl-2.9.1.jar:/usr/local/hadoop-2.8.1/share/hadoop/hdfs/lib/commons-logging-1.1.3.jar:/usr/local/hadoop-2.8.1/share/hadoop/hdfs/lib/servlet-api-2.5.jar:/usr/local/hadoop-2.8.1/share/hadoop/hdfs/lib/okio-1.4.0.jar:/usr/local/hadoop-2.8.1/share/hadoop/hdfs/lib/hadoop-hdfs-client-2.8.1.jar:/usr/local/hadoop-2.8.1/share/hadoop/hdfs/lib/commons-cli-1.2.jar:/usr/local/hadoop-2.8.1/share/hadoop/hdfs/lib/jackson-core-asl-1.9.13.jar:/usr/local/hadoop-2.8.1/share/hadoop/hdfs/lib/commons-lang-2.6.jar:/usr/local/hadoop-2.8.1/share/hadoop/hdfs/lib/asm-3.2.jar:/usr/local/hadoop-2.8.1/share/hadoop/hdfs/lib/htrace-core4-4.0.1-incubating.jar:/usr/local/hadoop-2.8.1/share/hadoop/hdfs/lib/jetty-util-6.1.26.jar:/usr/local/hadoop-2.8.1/share/hadoop/hdfs/lib/commons-io-2.4.jar:/usr/local/hadoop-2.8.1/share/hadoop/hdfs/lib/jetty-6.1.26.jar:/usr/local/hadoop-2.8.1/share/hadoop/hdfs/lib/xmlenc-0.52.jar:/usr/local/hadoop-2.8.1/share/hadoop/hdfs/lib/jersey-server-1.9.jar:/usr/local/hadoop-2.8.1/share/hadoop/hdfs/lib/jsr305-3.0.0.jar:/usr/local/hadoop-2.8.1/share/hadoop/hdfs/lib/protobuf-java-2.5.0.jar:/usr/local/hadoop-2.8.1/share/hadoop/hdfs/lib/leveldbjni-all-1.8.jar:/usr/local/hadoop-2.8.1/share/hadoop/hdfs/hadoop-hdfs-2.8.1-tests.jar:/usr/local/hadoop-2.8.1/share/hadoop/hdfs/hadoop-hdfs-nfs-2.8.1.jar:/usr/local/hadoop-2.8.1/share/hadoop/hdfs/hadoop-hdfs-client-2.8.1-tests.jar:/usr/local/hadoop-2.8.1/share/hadoop/hdfs/hadoop-hdfs-2.8.1.jar:/usr/local/hadoop-2.8.1/share/hadoop/hdfs/hadoop-hdfs-native-client-2.8.1.jar:/usr/local/hadoop-2.8.1/share/hadoop/hdfs/hadoop-hdfs-client-2.8.1.jar:/usr/local/hadoop-2.8.1/share/hadoop/hdfs/hadoop-hdfs-native-client-2.8.1-tests.jar:/usr/local/hadoop-2.8.1/share/hadoop/yarn/lib/fst-2.24.jar:/usr/local/hadoop-2.8.1/share/hadoop/yarn/lib/jaxb-impl-2.2.3-1.jar:/usr/local/hadoop-2.8.1/share/hadoop/yarn/lib/jaxb-api-2.2.2.jar:/usr/local/hadoop-2.8.1/share/hadoop/yarn/lib/aopalliance-1.0.jar:/usr/local/hadoop-2.8.1/share/hadoop/yarn/lib/guava-11.0.2.jar:/usr/local/hadoop-2.8.1/share/hadoop/yarn/lib/curator-test-2.7.1.jar:/usr/local/hadoop-2.8.1/share/hadoop/yarn/lib/objenesis-2.1.jar:/usr/local/hadoop-2.8.1/share/hadoop/yarn/lib/curator-client-2.7.1.jar:/usr/local/hadoop-2.8.1/share/hadoop/yarn/lib/xz-1.0.jar:/usr/local/hadoop-2.8.1/share/hadoop/yarn/lib/activation-1.1.jar:/usr/local/hadoop-2.8.1/share/hadoop/yarn/lib/netty-3.6.2.Final.jar:/usr/local/hadoop-2.8.1/share/hadoop/yarn/lib/commons-codec-1.4.jar:/usr/local/hadoop-2.8.1/share/hadoop/yarn/lib/log4j-1.2.17.jar:/usr/local/hadoop-2.8.1/share/hadoop/yarn/lib/jersey-core-1.9.jar:/usr/local/hadoop-2.8.1/share/hadoop/yarn/lib/jackson-mapper-asl-1.9.13.jar:/usr/local/hadoop-2.8.1/share/hadoop/yarn/lib/guice-servlet-3.0.jar:/usr/local/hadoop-2.8.1/share/hadoop/yarn/lib/zookeeper-3.4.6-tests.jar:/usr/local/hadoop-2.8.1/share/hadoop/yarn/lib/commons-logging-1.1.3.jar:/usr/local/hadoop-2.8.1/share/hadoop/yarn/lib/guice-3.0.jar:/usr/local/hadoop-2.8.1/share/hadoop/yarn/lib/servlet-api-2.5.jar:/usr/local/hadoop-2.8.1/share/hadoop/yarn/lib/jersey-client-1.9.jar:/usr/local/hadoop-2.8.1/share/hadoop/yarn/lib/commons-cli-1.2.jar:/usr/local/hadoop-2.8.1/share/hadoop/yarn/lib/jackson-core-asl-1.9.13.jar:/usr/local/hadoop-2.8.1/share/hadoop/yarn/lib/commons-math-2.2.jar:/usr/local/hadoop-2.8.1/share/hadoop/yarn/lib/stax-api-1.0-2.jar:/usr/local/hadoop-2.8.1/share/hadoop/yarn/lib/commons-lang-2.6.jar:/usr/local/hadoop-2.8.1/share/hadoop/yarn/lib/asm-3.2.jar:/usr/local/hadoop-2.8.1/share/hadoop/yarn/lib/javax.inject-1.jar:/usr/local/hadoop-2.8.1/share/hadoop/yarn/lib/jackson-jaxrs-1.9.13.jar:/usr/local/hadoop-2.8.1/share/hadoop/yarn/lib/jackson-xc-1.9.13.jar:/usr/local/hadoop-2.8.1/share/hadoop/yarn/lib/jettison-1.1.jar:/usr/local/hadoop-2.8.1/share/hadoop/yarn/lib/jetty-util-6.1.26.jar:/usr/local/hadoop-2.8.1/share/hadoop/yarn/lib/jersey-guice-1.9.jar:/usr/local/hadoop-2.8.1/share/hadoop/yarn/lib/javassist-3.18.1-GA.jar:/usr/local/hadoop-2.8.1/share/hadoop/yarn/lib/zookeeper-3.4.6.jar:/usr/local/hadoop-2.8.1/share/hadoop/yarn/lib/commons-io-2.4.jar:/usr/local/hadoop-2.8.1/share/hadoop/yarn/lib/jetty-6.1.26.jar:/usr/local/hadoop-2.8.1/share/hadoop/yarn/lib/commons-collections-3.2.2.jar:/usr/local/hadoop-2.8.1/share/hadoop/yarn/lib/jersey-json-1.9.jar:/usr/local/hadoop-2.8.1/share/hadoop/yarn/lib/jersey-server-1.9.jar:/usr/local/hadoop-2.8.1/share/hadoop/yarn/lib/jsr305-3.0.0.jar:/usr/local/hadoop-2.8.1/share/hadoop/yarn/lib/protobuf-java-2.5.0.jar:/usr/local/hadoop-2.8.1/share/hadoop/yarn/lib/leveldbjni-all-1.8.jar:/usr/local/hadoop-2.8.1/share/hadoop/yarn/lib/commons-compress-1.4.1.jar:/usr/local/hadoop-2.8.1/share/hadoop/yarn/hadoop-yarn-server-timeline-pluginstorage-2.8.1.jar:/usr/local/hadoop-2.8.1/share/hadoop/yarn/hadoop-yarn-server-resourcemanager-2.8.1.jar:/usr/local/hadoop-2.8.1/share/hadoop/yarn/hadoop-yarn-server-web-proxy-2.8.1.jar:/usr/local/hadoop-2.8.1/share/hadoop/yarn/hadoop-yarn-server-nodemanager-2.8.1.jar:/usr/local/hadoop-2.8.1/share/hadoop/yarn/hadoop-yarn-server-sharedcachemanager-2.8.1.jar:/usr/local/hadoop-2.8.1/share/hadoop/yarn/hadoop-yarn-applications-distributedshell-2.8.1.jar:/usr/local/hadoop-2.8.1/share/hadoop/yarn/hadoop-yarn-server-tests-2.8.1.jar:/usr/local/hadoop-2.8.1/share/hadoop/yarn/hadoop-yarn-client-2.8.1.jar:/usr/local/hadoop-2.8.1/share/hadoop/yarn/hadoop-yarn-api-2.8.1.jar:/usr/local/hadoop-2.8.1/share/hadoop/yarn/hadoop-yarn-registry-2.8.1.jar:/usr/local/hadoop-2.8.1/share/hadoop/yarn/hadoop-yarn-applications-unmanaged-am-launcher-2.8.1.jar:/usr/local/hadoop-2.8.1/share/hadoop/yarn/hadoop-yarn-server-common-2.8.1.jar:/usr/local/hadoop-2.8.1/share/hadoop/yarn/hadoop-yarn-server-applicationhistoryservice-2.8.1.jar:/usr/local/hadoop-2.8.1/share/hadoop/yarn/hadoop-yarn-common-2.8.1.jar:/usr/local/hadoop-2.8.1/share/hadoop/mapreduce/lib/aopalliance-1.0.jar:/usr/local/hadoop-2.8.1/share/hadoop/mapreduce/lib/xz-1.0.jar:/usr/local/hadoop-2.8.1/share/hadoop/mapreduce/lib/netty-3.6.2.Final.jar:/usr/local/hadoop-2.8.1/share/hadoop/mapreduce/lib/log4j-1.2.17.jar:/usr/local/hadoop-2.8.1/share/hadoop/mapreduce/lib/jersey-core-1.9.jar:/usr/local/hadoop-2.8.1/share/hadoop/mapreduce/lib/jackson-mapper-asl-1.9.13.jar:/usr/local/hadoop-2.8.1/share/hadoop/mapreduce/lib/avro-1.7.4.jar:/usr/local/hadoop-2.8.1/share/hadoop/mapreduce/lib/guice-servlet-3.0.jar:/usr/local/hadoop-2.8.1/share/hadoop/mapreduce/lib/hadoop-annotations-2.8.1.jar:/usr/local/hadoop-2.8.1/share/hadoop/mapreduce/lib/guice-3.0.jar:/usr/local/hadoop-2.8.1/share/hadoop/mapreduce/lib/jackson-core-asl-1.9.13.jar:/usr/local/hadoop-2.8.1/share/hadoop/mapreduce/lib/hamcrest-core-1.3.jar:/usr/local/hadoop-2.8.1/share/hadoop/mapreduce/lib/snappy-java-1.0.4.1.jar:/usr/local/hadoop-2.8.1/share/hadoop/mapreduce/lib/junit-4.11.jar:/usr/local/hadoop-2.8.1/share/hadoop/mapreduce/lib/asm-3.2.jar:/usr/local/hadoop-2.8.1/share/hadoop/mapreduce/lib/javax.inject-1.jar:/usr/local/hadoop-2.8.1/share/hadoop/mapreduce/lib/jersey-guice-1.9.jar:/usr/local/hadoop-2.8.1/share/hadoop/mapreduce/lib/paranamer-2.3.jar:/usr/local/hadoop-2.8.1/share/hadoop/mapreduce/lib/commons-io-2.4.jar:/usr/local/hadoop-2.8.1/share/hadoop/mapreduce/lib/jersey-server-1.9.jar:/usr/local/hadoop-2.8.1/share/hadoop/mapreduce/lib/protobuf-java-2.5.0.jar:/usr/local/hadoop-2.8.1/share/hadoop/mapreduce/lib/leveldbjni-all-1.8.jar:/usr/local/hadoop-2.8.1/share/hadoop/mapreduce/lib/commons-compress-1.4.1.jar:/usr/local/hadoop-2.8.1/share/hadoop/mapreduce/hadoop-mapreduce-examples-2.8.1.jar:/usr/local/hadoop-2.8.1/share/hadoop/mapreduce/hadoop-mapreduce-client-hs-plugins-2.8.1.jar:/usr/local/hadoop-2.8.1/share/hadoop/mapreduce/hadoop-mapreduce-client-jobclient-2.8.1.jar:/usr/local/hadoop-2.8.1/share/hadoop/mapreduce/hadoop-mapreduce-client-app-2.8.1.jar:/usr/local/hadoop-2.8.1/share/hadoop/mapreduce/hadoop-mapreduce-client-common-2.8.1.jar:/usr/local/hadoop-2.8.1/share/hadoop/mapreduce/hadoop-mapreduce-client-core-2.8.1.jar:/usr/local/hadoop-2.8.1/share/hadoop/mapreduce/hadoop-mapreduce-client-hs-2.8.1.jar:/usr/local/hadoop-2.8.1/share/hadoop/mapreduce/hadoop-mapreduce-client-jobclient-2.8.1-tests.jar:/usr/local/hadoop-2.8.1/share/hadoop/mapreduce/hadoop-mapreduce-client-shuffle-2.8.1.jar:/contrib/capacity-scheduler/*.jar:/contrib/capacity-scheduler/*.jar:/contrib/capacity-scheduler/*.jar
STARTUP_MSG:   build = https://git-wip-us.apache.org/repos/asf/hadoop.git -r 20fe5304904fc2f5a18053c389e43cd26f7a70fe; compiled by 'vinodkv' on 2017-06-02T06:14Z
STARTUP_MSG:   java = 1.8.0_201
************************************************************/
2019-02-20 14:15:39,011 INFO org.apache.hadoop.hdfs.server.namenode.NameNode: registered UNIX signal handlers for [TERM, HUP, INT]
2019-02-20 14:15:39,037 INFO org.apache.hadoop.hdfs.server.namenode.NameNode: createNameNode []
2019-02-20 14:15:39,802 INFO org.apache.hadoop.metrics2.impl.MetricsConfig: loaded properties from hadoop-metrics2.properties
2019-02-20 14:15:40,128 INFO org.apache.hadoop.metrics2.impl.MetricsSystemImpl: Scheduled Metric snapshot period at 10 second(s).
2019-02-20 14:15:40,128 INFO org.apache.hadoop.metrics2.impl.MetricsSystemImpl: NameNode metrics system started
2019-02-20 14:15:40,173 INFO org.apache.hadoop.hdfs.server.namenode.NameNode: fs.defaultFS is hdfs://localhost:9000
2019-02-20 14:15:40,180 INFO org.apache.hadoop.hdfs.server.namenode.NameNode: Clients are to use localhost:9000 to access this namenode/service.
2019-02-20 14:15:41,436 INFO org.apache.hadoop.util.JvmPauseMonitor: Starting JVM pause monitor
2019-02-20 14:15:41,643 INFO org.apache.hadoop.hdfs.DFSUtil: Starting Web-server for hdfs at: http://0.0.0.0:50070
2019-02-20 14:15:42,044 INFO org.mortbay.log: Logging to org.slf4j.impl.Log4jLoggerAdapter(org.mortbay.log) via org.mortbay.log.Slf4jLog
2019-02-20 14:15:42,123 INFO org.apache.hadoop.security.authentication.server.AuthenticationFilter: Unable to initialize FileSignerSecretProvider, falling back to use random secrets.
2019-02-20 14:15:42,191 INFO org.apache.hadoop.http.HttpRequestLog: Http request log for http.requests.namenode is not defined
2019-02-20 14:15:42,246 INFO org.apache.hadoop.http.HttpServer2: Added global filter 'safety' (class=org.apache.hadoop.http.HttpServer2$QuotingInputFilter)
2019-02-20 14:15:42,256 INFO org.apache.hadoop.http.HttpServer2: Added filter static_user_filter (class=org.apache.hadoop.http.lib.StaticUserWebFilter$StaticUserFilter) to context hdfs
2019-02-20 14:15:42,256 INFO org.apache.hadoop.http.HttpServer2: Added filter static_user_filter (class=org.apache.hadoop.http.lib.StaticUserWebFilter$StaticUserFilter) to context static
2019-02-20 14:15:42,256 INFO org.apache.hadoop.http.HttpServer2: Added filter static_user_filter (class=org.apache.hadoop.http.lib.StaticUserWebFilter$StaticUserFilter) to context logs
2019-02-20 14:15:43,100 INFO org.apache.hadoop.http.HttpServer2: Added filter 'org.apache.hadoop.hdfs.web.AuthFilter' (class=org.apache.hadoop.hdfs.web.AuthFilter)
2019-02-20 14:15:43,129 INFO org.apache.hadoop.http.HttpServer2: addJerseyResourcePackage: packageName=org.apache.hadoop.hdfs.server.namenode.web.resources;org.apache.hadoop.hdfs.web.resources, pathSpec=/webhdfs/v1/*
2019-02-20 14:15:43,316 INFO org.apache.hadoop.http.HttpServer2: Jetty bound to port 50070
2019-02-20 14:15:43,321 INFO org.mortbay.log: jetty-6.1.26
2019-02-20 14:15:44,651 INFO org.mortbay.log: Started HttpServer2$SelectChannelConnectorWithSafeStartup@0.0.0.0:50070
2019-02-20 14:15:44,758 WARN org.apache.hadoop.hdfs.server.namenode.FSNamesystem: Only one image storage directory (dfs.namenode.name.dir) configured. Beware of data loss due to lack of redundant storage directories!
2019-02-20 14:15:44,758 WARN org.apache.hadoop.hdfs.server.namenode.FSNamesystem: Only one namespace edits storage directory (dfs.namenode.edits.dir) configured. Beware of data loss due to lack of redundant storage directories!
2019-02-20 14:15:44,946 INFO org.apache.hadoop.hdfs.server.namenode.FSEditLog: Edit logging is async:false
2019-02-20 14:15:44,975 INFO org.apache.hadoop.hdfs.server.namenode.FSNamesystem: KeyProvider: null
2019-02-20 14:15:44,982 INFO org.apache.hadoop.hdfs.server.namenode.FSNamesystem: fsLock is fair: true
2019-02-20 14:15:44,985 INFO org.apache.hadoop.hdfs.server.namenode.FSNamesystem: Detailed lock hold time metrics enabled: false
2019-02-20 14:15:45,210 INFO org.apache.hadoop.hdfs.server.blockmanagement.DatanodeManager: dfs.block.invalidate.limit=1000
2019-02-20 14:15:45,210 INFO org.apache.hadoop.hdfs.server.blockmanagement.DatanodeManager: dfs.namenode.datanode.registration.ip-hostname-check=true
2019-02-20 14:15:45,228 INFO org.apache.hadoop.hdfs.server.blockmanagement.BlockManager: dfs.namenode.startup.delay.block.deletion.sec is set to 000:00:00:00.000
2019-02-20 14:15:45,229 INFO org.apache.hadoop.hdfs.server.blockmanagement.BlockManager: The block deletion will start around 2019 Feb 20 14:15:45
2019-02-20 14:15:45,236 INFO org.apache.hadoop.util.GSet: Computing capacity for map BlocksMap
2019-02-20 14:15:45,236 INFO org.apache.hadoop.util.GSet: VM type       = 64-bit
2019-02-20 14:15:45,252 INFO org.apache.hadoop.util.GSet: 2.0% max memory 966.7 MB = 19.3 MB
2019-02-20 14:15:45,253 INFO org.apache.hadoop.util.GSet: capacity      = 2^21 = 2097152 entries
2019-02-20 14:15:45,660 INFO org.apache.hadoop.hdfs.server.blockmanagement.BlockManager: dfs.block.access.token.enable=false
2019-02-20 14:15:45,740 INFO org.apache.hadoop.hdfs.server.blockmanagement.BlockManager: defaultReplication         = 1
2019-02-20 14:15:45,740 INFO org.apache.hadoop.hdfs.server.blockmanagement.BlockManager: maxReplication             = 512
2019-02-20 14:15:45,740 INFO org.apache.hadoop.hdfs.server.blockmanagement.BlockManager: minReplication             = 1
2019-02-20 14:15:45,740 INFO org.apache.hadoop.hdfs.server.blockmanagement.BlockManager: maxReplicationStreams      = 2
2019-02-20 14:15:45,741 INFO org.apache.hadoop.hdfs.server.blockmanagement.BlockManager: replicationRecheckInterval = 3000
2019-02-20 14:15:45,741 INFO org.apache.hadoop.hdfs.server.blockmanagement.BlockManager: encryptDataTransfer        = false
2019-02-20 14:15:45,741 INFO org.apache.hadoop.hdfs.server.blockmanagement.BlockManager: maxNumBlocksToLog          = 1000
2019-02-20 14:15:45,803 INFO org.apache.hadoop.hdfs.server.namenode.FSNamesystem: fsOwner             = hdpuser (auth:SIMPLE)
2019-02-20 14:15:45,803 INFO org.apache.hadoop.hdfs.server.namenode.FSNamesystem: supergroup          = supergroup
2019-02-20 14:15:45,803 INFO org.apache.hadoop.hdfs.server.namenode.FSNamesystem: isPermissionEnabled = true
2019-02-20 14:15:45,803 INFO org.apache.hadoop.hdfs.server.namenode.FSNamesystem: HA Enabled: false
2019-02-20 14:15:45,819 INFO org.apache.hadoop.hdfs.server.namenode.FSNamesystem: Append Enabled: true
2019-02-20 14:15:48,885 INFO org.apache.hadoop.util.GSet: Computing capacity for map INodeMap
2019-02-20 14:15:48,885 INFO org.apache.hadoop.util.GSet: VM type       = 64-bit
2019-02-20 14:15:48,885 INFO org.apache.hadoop.util.GSet: 1.0% max memory 966.7 MB = 9.7 MB
2019-02-20 14:15:48,886 INFO org.apache.hadoop.util.GSet: capacity      = 2^20 = 1048576 entries
2019-02-20 14:15:48,938 INFO org.apache.hadoop.hdfs.server.namenode.FSDirectory: ACLs enabled? false
2019-02-20 14:15:48,938 INFO org.apache.hadoop.hdfs.server.namenode.FSDirectory: XAttrs enabled? true
2019-02-20 14:15:48,939 INFO org.apache.hadoop.hdfs.server.namenode.NameNode: Caching file names occurring more than 10 times
2019-02-20 14:15:49,004 INFO org.apache.hadoop.util.GSet: Computing capacity for map cachedBlocks
2019-02-20 14:15:49,004 INFO org.apache.hadoop.util.GSet: VM type       = 64-bit
2019-02-20 14:15:49,005 INFO org.apache.hadoop.util.GSet: 0.25% max memory 966.7 MB = 2.4 MB
2019-02-20 14:15:49,005 INFO org.apache.hadoop.util.GSet: capacity      = 2^18 = 262144 entries
2019-02-20 14:15:49,006 INFO org.apache.hadoop.hdfs.server.namenode.FSNamesystem: dfs.namenode.safemode.threshold-pct = 0.9990000128746033
2019-02-20 14:15:49,006 INFO org.apache.hadoop.hdfs.server.namenode.FSNamesystem: dfs.namenode.safemode.min.datanodes = 0
2019-02-20 14:15:49,006 INFO org.apache.hadoop.hdfs.server.namenode.FSNamesystem: dfs.namenode.safemode.extension     = 30000
2019-02-20 14:15:49,057 INFO org.apache.hadoop.hdfs.server.namenode.top.metrics.TopMetrics: NNTop conf: dfs.namenode.top.window.num.buckets = 10
2019-02-20 14:15:49,067 INFO org.apache.hadoop.hdfs.server.namenode.top.metrics.TopMetrics: NNTop conf: dfs.namenode.top.num.users = 10
2019-02-20 14:15:49,067 INFO org.apache.hadoop.hdfs.server.namenode.top.metrics.TopMetrics: NNTop conf: dfs.namenode.top.windows.minutes = 1,5,25
2019-02-20 14:15:49,114 INFO org.apache.hadoop.hdfs.server.namenode.FSNamesystem: Retry cache on namenode is enabled
2019-02-20 14:15:49,123 INFO org.apache.hadoop.hdfs.server.namenode.FSNamesystem: Retry cache will use 0.03 of total heap and retry cache entry expiry time is 600000 millis
2019-02-20 14:15:49,133 INFO org.apache.hadoop.util.GSet: Computing capacity for map NameNodeRetryCache
2019-02-20 14:15:49,133 INFO org.apache.hadoop.util.GSet: VM type       = 64-bit
2019-02-20 14:15:49,133 INFO org.apache.hadoop.util.GSet: 0.029999999329447746% max memory 966.7 MB = 297.0 KB
2019-02-20 14:15:49,133 INFO org.apache.hadoop.util.GSet: capacity      = 2^15 = 32768 entries
2019-02-20 14:15:49,209 INFO org.apache.hadoop.hdfs.server.common.Storage: Lock on /usr/local/hadoop/hadoopdata/hdfs/namenode/in_use.lock acquired by nodename 3068@ubuntu
2019-02-20 14:15:49,623 INFO org.apache.hadoop.hdfs.server.namenode.FileJournalManager: Recovering unfinalized segments in /usr/local/hadoop/hadoopdata/hdfs/namenode/current
2019-02-20 14:15:49,904 INFO org.apache.hadoop.hdfs.server.namenode.FileJournalManager: Finalizing edits file /usr/local/hadoop/hadoopdata/hdfs/namenode/current/edits_inprogress_0000000000000000020 -> /usr/local/hadoop/hadoopdata/hdfs/namenode/current/edits_0000000000000000020-0000000000000000026
2019-02-20 14:15:50,410 INFO org.apache.hadoop.hdfs.server.namenode.FSImage: Planning to load image: FSImageFile(file=/usr/local/hadoop/hadoopdata/hdfs/namenode/current/fsimage_0000000000000000019, cpktTxId=0000000000000000019)
2019-02-20 14:15:51,054 INFO org.apache.hadoop.hdfs.server.namenode.FSImageFormatPBINode: Loading 9 INodes.
2019-02-20 14:15:51,306 INFO org.apache.hadoop.hdfs.server.namenode.FSImageFormatProtobuf: Loaded FSImage in 0 seconds.
2019-02-20 14:15:51,306 INFO org.apache.hadoop.hdfs.server.namenode.FSImage: Loaded image for txid 19 from /usr/local/hadoop/hadoopdata/hdfs/namenode/current/fsimage_0000000000000000019
2019-02-20 14:15:51,306 INFO org.apache.hadoop.hdfs.server.namenode.FSImage: Reading org.apache.hadoop.hdfs.server.namenode.RedundantEditLogInputStream@28d6290 expecting start txid #20
2019-02-20 14:15:51,307 INFO org.apache.hadoop.hdfs.server.namenode.FSImage: Start loading edits file /usr/local/hadoop/hadoopdata/hdfs/namenode/current/edits_0000000000000000020-0000000000000000026
2019-02-20 14:15:51,316 INFO org.apache.hadoop.hdfs.server.namenode.EditLogInputStream: Fast-forwarding stream '/usr/local/hadoop/hadoopdata/hdfs/namenode/current/edits_0000000000000000020-0000000000000000026' to transaction ID 20
2019-02-20 14:15:51,792 INFO org.apache.hadoop.hdfs.server.namenode.FSImage: Edits file /usr/local/hadoop/hadoopdata/hdfs/namenode/current/edits_0000000000000000020-0000000000000000026 of size 1048576 edits # 7 loaded in 0 seconds
2019-02-20 14:15:51,792 INFO org.apache.hadoop.hdfs.server.namenode.FSNamesystem: Need to save fs image? true (staleImage=true, haEnabled=false, isRollingUpgrade=false)
2019-02-20 14:15:51,793 INFO org.apache.hadoop.hdfs.server.namenode.FSImage: Save namespace ...
2019-02-20 14:15:51,882 INFO org.apache.hadoop.hdfs.server.namenode.FSImageFormatProtobuf: Saving image file /usr/local/hadoop/hadoopdata/hdfs/namenode/current/fsimage.ckpt_0000000000000000026 using no compression
2019-02-20 14:15:52,323 INFO org.apache.hadoop.hdfs.server.namenode.FSImageFormatProtobuf: Image file /usr/local/hadoop/hadoopdata/hdfs/namenode/current/fsimage.ckpt_0000000000000000026 of size 855 bytes saved in 0 seconds.
2019-02-20 14:15:52,424 INFO org.apache.hadoop.hdfs.server.namenode.NNStorageRetentionManager: Going to retain 2 images with txid >= 19
2019-02-20 14:15:52,424 INFO org.apache.hadoop.hdfs.server.namenode.NNStorageRetentionManager: Purging old image FSImageFile(file=/usr/local/hadoop/hadoopdata/hdfs/namenode/current/fsimage_0000000000000000002, cpktTxId=0000000000000000002)
2019-02-20 14:15:52,531 INFO org.apache.hadoop.hdfs.server.namenode.FSEditLog: Starting log segment at 27
2019-02-20 14:15:53,306 INFO org.apache.hadoop.hdfs.server.namenode.FSNamesystem: FSNamesystem write lock held for 4153 ms via
java.lang.Thread.getStackTrace(Thread.java:1559)
org.apache.hadoop.util.StringUtils.getStackTrace(StringUtils.java:1032)
org.apache.hadoop.hdfs.server.namenode.FSNamesystemLock.writeUnlock(FSNamesystemLock.java:233)
org.apache.hadoop.hdfs.server.namenode.FSNamesystem.writeUnlock(FSNamesystem.java:1537)
org.apache.hadoop.hdfs.server.namenode.FSNamesystem.loadFSImage(FSNamesystem.java:1041)
org.apache.hadoop.hdfs.server.namenode.FSNamesystem.loadFromDisk(FSNamesystem.java:691)
org.apache.hadoop.hdfs.server.namenode.NameNode.loadNamesystem(NameNode.java:634)
org.apache.hadoop.hdfs.server.namenode.NameNode.initialize(NameNode.java:695)
org.apache.hadoop.hdfs.server.namenode.NameNode.<init>(NameNode.java:898)
org.apache.hadoop.hdfs.server.namenode.NameNode.<init>(NameNode.java:877)
org.apache.hadoop.hdfs.server.namenode.NameNode.createNameNode(NameNode.java:1603)
org.apache.hadoop.hdfs.server.namenode.NameNode.main(NameNode.java:1671)
	Number of suppressed write-lock reports: 0
	Longest write-lock held interval: 4153
2019-02-20 14:15:53,307 INFO org.apache.hadoop.hdfs.server.namenode.NameCache: initialized with 0 entries 0 lookups
2019-02-20 14:15:53,307 INFO org.apache.hadoop.hdfs.server.namenode.FSNamesystem: Finished loading FSImage in 4153 msecs
2019-02-20 14:15:54,496 INFO org.apache.hadoop.hdfs.server.namenode.NameNode: RPC server is binding to localhost:9000
2019-02-20 14:15:54,539 INFO org.apache.hadoop.ipc.CallQueueManager: Using callQueue: class java.util.concurrent.LinkedBlockingQueue queueCapacity: 1000 scheduler: class org.apache.hadoop.ipc.DefaultRpcScheduler
2019-02-20 14:15:54,612 INFO org.apache.hadoop.ipc.Server: Starting Socket Reader #1 for port 9000
2019-02-20 14:15:55,107 INFO org.apache.hadoop.hdfs.server.namenode.FSNamesystem: Registered FSNamesystemState MBean
2019-02-20 14:15:55,177 INFO org.apache.hadoop.hdfs.server.namenode.LeaseManager: Number of blocks under construction: 0
2019-02-20 14:15:55,178 INFO org.apache.hadoop.hdfs.server.blockmanagement.BlockManager: initializing replication queues
2019-02-20 14:15:55,185 INFO org.apache.hadoop.hdfs.StateChange: STATE* Leaving safe mode after 10 secs
2019-02-20 14:15:55,186 INFO org.apache.hadoop.hdfs.StateChange: STATE* Network topology has 0 racks and 0 datanodes
2019-02-20 14:15:55,186 INFO org.apache.hadoop.hdfs.StateChange: STATE* UnderReplicatedBlocks has 0 blocks
2019-02-20 14:15:55,281 INFO org.apache.hadoop.hdfs.server.blockmanagement.BlockManager: Total number of blocks            = 0
2019-02-20 14:15:55,284 INFO org.apache.hadoop.hdfs.server.blockmanagement.BlockManager: Number of invalid blocks          = 0
2019-02-20 14:15:55,284 INFO org.apache.hadoop.hdfs.server.blockmanagement.BlockManager: Number of under-replicated blocks = 0
2019-02-20 14:15:55,284 INFO org.apache.hadoop.hdfs.server.blockmanagement.BlockManager: Number of  over-replicated blocks = 0
2019-02-20 14:15:55,289 INFO org.apache.hadoop.hdfs.server.blockmanagement.BlockManager: Number of blocks being written    = 0
2019-02-20 14:15:55,289 INFO org.apache.hadoop.hdfs.StateChange: STATE* Replication Queue initialization scan for invalid, over- and under-replicated blocks completed in 101 msec
2019-02-20 14:15:55,523 INFO org.apache.hadoop.ipc.Server: IPC Server listener on 9000: starting
2019-02-20 14:15:55,512 INFO org.apache.hadoop.ipc.Server: IPC Server Responder: starting
2019-02-20 14:15:55,599 INFO org.apache.hadoop.hdfs.server.namenode.NameNode: NameNode RPC up at: localhost/127.0.0.1:9000
2019-02-20 14:15:55,650 INFO org.apache.hadoop.hdfs.server.namenode.FSNamesystem: Starting services required for active state
2019-02-20 14:15:55,651 INFO org.apache.hadoop.hdfs.server.namenode.FSDirectory: Initializing quota with 4 thread(s)
2019-02-20 14:15:55,752 INFO org.apache.hadoop.hdfs.server.namenode.FSDirectory: Quota initialization completed in 100 milliseconds
name space=9
storage space=0
storage types=RAM_DISK=0, SSD=0, DISK=0, ARCHIVE=0
2019-02-20 14:15:55,812 INFO org.apache.hadoop.hdfs.server.blockmanagement.CacheReplicationMonitor: Starting CacheReplicationMonitor with interval 30000 milliseconds
2019-02-20 14:16:04,659 INFO org.apache.hadoop.hdfs.StateChange: BLOCK* registerDatanode: from DatanodeRegistration(127.0.0.1:50010, datanodeUuid=7e70d04e-3b37-4501-9566-c8654a32f7b6, infoPort=50075, infoSecurePort=0, ipcPort=50020, storageInfo=lv=-57;cid=CID-bed054a5-ff55-4cb3-bba8-9f0b6926c6df;nsid=435932719;c=1550519299643) storage 7e70d04e-3b37-4501-9566-c8654a32f7b6
2019-02-20 14:16:04,676 INFO org.apache.hadoop.net.NetworkTopology: Adding a new node: /default-rack/127.0.0.1:50010
2019-02-20 14:16:04,686 INFO org.apache.hadoop.hdfs.server.blockmanagement.BlockReportLeaseManager: Registered DN 7e70d04e-3b37-4501-9566-c8654a32f7b6 (127.0.0.1:50010).
2019-02-20 14:16:05,236 INFO org.apache.hadoop.hdfs.server.blockmanagement.DatanodeDescriptor: Adding new storage ID DS-25d0464b-b930-4b3c-a6e0-832836a36aad for DN 127.0.0.1:50010
2019-02-20 14:16:05,633 INFO BlockStateChange: BLOCK* processReport 0x2c6ac754d60d97bd: Processing first storage report for DS-25d0464b-b930-4b3c-a6e0-832836a36aad from datanode 7e70d04e-3b37-4501-9566-c8654a32f7b6
2019-02-20 14:16:05,635 INFO BlockStateChange: BLOCK* processReport 0x2c6ac754d60d97bd: from storage DS-25d0464b-b930-4b3c-a6e0-832836a36aad node DatanodeRegistration(127.0.0.1:50010, datanodeUuid=7e70d04e-3b37-4501-9566-c8654a32f7b6, infoPort=50075, infoSecurePort=0, ipcPort=50020, storageInfo=lv=-57;cid=CID-bed054a5-ff55-4cb3-bba8-9f0b6926c6df;nsid=435932719;c=1550519299643), blocks: 0, hasStaleStorage: false, processing time: 3 msecs, invalidatedBlocks: 0
2019-02-20 14:20:49,234 INFO org.apache.hadoop.hdfs.server.namenode.FSEditLog: Number of transactions: 2 Total time for transactions(ms): 7 Number of transactions batched in Syncs: 26 Number of syncs: 2 SyncTimes(ms): 60 
2019-02-20 14:22:10,632 INFO org.apache.hadoop.hdfs.server.namenode.FSEditLog: Number of transactions: 3 Total time for transactions(ms): 9 Number of transactions batched in Syncs: 26 Number of syncs: 3 SyncTimes(ms): 61 
2019-02-20 14:22:10,805 INFO org.apache.hadoop.hdfs.StateChange: BLOCK* allocate blk_1073741825_1001, replicas=127.0.0.1:50010 for /tweets/tweets_filtered_data.txt._COPYING_
2019-02-20 14:22:11,201 INFO org.apache.hadoop.hdfs.server.namenode.FSNamesystem: BLOCK* blk_1073741825_1001 is COMMITTED but not COMPLETE(numNodes= 0 <  minimum = 1) in file /tweets/tweets_filtered_data.txt._COPYING_
2019-02-20 14:22:11,612 INFO org.apache.hadoop.hdfs.StateChange: DIR* completeFile: /tweets/tweets_filtered_data.txt._COPYING_ is closed by DFSClient_NONMAPREDUCE_809714036_1
2019-02-20 14:27:09,542 INFO org.apache.hadoop.hdfs.server.namenode.FSEditLog: Number of transactions: 10 Total time for transactions(ms): 9 Number of transactions batched in Syncs: 28 Number of syncs: 7 SyncTimes(ms): 64 
2019-02-20 14:27:10,665 INFO org.apache.hadoop.hdfs.StateChange: BLOCK* allocate blk_1073741826_1002, replicas=127.0.0.1:50010 for /tmp/hadoop-yarn/staging/hdpuser/.staging/job_1550700984206_0001/job.jar
2019-02-20 14:27:10,824 INFO org.apache.hadoop.hdfs.StateChange: DIR* completeFile: /tmp/hadoop-yarn/staging/hdpuser/.staging/job_1550700984206_0001/job.jar is closed by DFSClient_NONMAPREDUCE_-327148408_1
2019-02-20 14:27:10,844 INFO org.apache.hadoop.hdfs.server.namenode.FSDirectory: Increasing replication from 1 to 10 for /tmp/hadoop-yarn/staging/hdpuser/.staging/job_1550700984206_0001/job.jar
2019-02-20 14:27:10,988 INFO org.apache.hadoop.hdfs.server.namenode.FSDirectory: Increasing replication from 1 to 10 for /tmp/hadoop-yarn/staging/hdpuser/.staging/job_1550700984206_0001/job.split
2019-02-20 14:27:11,007 INFO org.apache.hadoop.hdfs.StateChange: BLOCK* allocate blk_1073741827_1003, replicas=127.0.0.1:50010 for /tmp/hadoop-yarn/staging/hdpuser/.staging/job_1550700984206_0001/job.split
2019-02-20 14:27:11,032 INFO org.apache.hadoop.hdfs.StateChange: DIR* completeFile: /tmp/hadoop-yarn/staging/hdpuser/.staging/job_1550700984206_0001/job.split is closed by DFSClient_NONMAPREDUCE_-327148408_1
2019-02-20 14:27:11,075 INFO org.apache.hadoop.hdfs.StateChange: BLOCK* allocate blk_1073741828_1004, replicas=127.0.0.1:50010 for /tmp/hadoop-yarn/staging/hdpuser/.staging/job_1550700984206_0001/job.splitmetainfo
2019-02-20 14:27:11,112 INFO org.apache.hadoop.hdfs.StateChange: DIR* completeFile: /tmp/hadoop-yarn/staging/hdpuser/.staging/job_1550700984206_0001/job.splitmetainfo is closed by DFSClient_NONMAPREDUCE_-327148408_1
2019-02-20 14:27:11,468 INFO org.apache.hadoop.hdfs.StateChange: BLOCK* allocate blk_1073741829_1005, replicas=127.0.0.1:50010 for /tmp/hadoop-yarn/staging/hdpuser/.staging/job_1550700984206_0001/job.xml
2019-02-20 14:27:11,544 INFO org.apache.hadoop.hdfs.StateChange: DIR* completeFile: /tmp/hadoop-yarn/staging/hdpuser/.staging/job_1550700984206_0001/job.xml is closed by DFSClient_NONMAPREDUCE_-327148408_1
2019-02-20 14:27:31,221 INFO org.apache.hadoop.hdfs.StateChange: BLOCK* allocate blk_1073741830_1006, replicas=127.0.0.1:50010 for /tmp/hadoop-yarn/staging/hdpuser/.staging/job_1550700984206_0001/job_1550700984206_0001_1_conf.xml
2019-02-20 14:27:31,316 INFO org.apache.hadoop.hdfs.StateChange: DIR* completeFile: /tmp/hadoop-yarn/staging/hdpuser/.staging/job_1550700984206_0001/job_1550700984206_0001_1_conf.xml is closed by DFSClient_NONMAPREDUCE_-355418242_1
2019-02-20 14:27:48,088 INFO org.apache.hadoop.hdfs.StateChange: BLOCK* allocate blk_1073741831_1007, replicas=127.0.0.1:50010 for /tmp/hadoop-yarn/staging/hdpuser/.staging/job_1550700984206_0001/job_1550700984206_0001_1.jhist
2019-02-20 14:27:48,165 INFO org.apache.hadoop.hdfs.StateChange: BLOCK* fsync: /tmp/hadoop-yarn/staging/hdpuser/.staging/job_1550700984206_0001/job_1550700984206_0001_1.jhist for DFSClient_NONMAPREDUCE_-355418242_1
2019-02-20 14:28:11,885 INFO org.apache.hadoop.hdfs.server.namenode.FSEditLog: Number of transactions: 56 Total time for transactions(ms): 14 Number of transactions batched in Syncs: 43 Number of syncs: 37 SyncTimes(ms): 122 
2019-02-20 14:28:12,587 INFO org.apache.hadoop.hdfs.StateChange: BLOCK* allocate blk_1073741832_1008, replicas=127.0.0.1:50010 for /output/_temporary/1/_temporary/attempt_1550700984206_0001_r_000000_0/part-r-00000
2019-02-20 14:28:13,306 INFO org.apache.hadoop.hdfs.StateChange: DIR* completeFile: /output/_temporary/1/_temporary/attempt_1550700984206_0001_r_000000_0/part-r-00000 is closed by DFSClient_attempt_1550700984206_0001_r_000000_0_303519295_1
2019-02-20 14:28:14,140 INFO org.apache.hadoop.hdfs.StateChange: DIR* completeFile: /tmp/hadoop-yarn/staging/hdpuser/.staging/job_1550700984206_0001/COMMIT_STARTED is closed by DFSClient_NONMAPREDUCE_-355418242_1
2019-02-20 14:28:14,342 INFO org.apache.hadoop.hdfs.StateChange: DIR* completeFile: /output/_SUCCESS is closed by DFSClient_NONMAPREDUCE_-355418242_1
2019-02-20 14:28:14,356 INFO org.apache.hadoop.hdfs.StateChange: DIR* completeFile: /tmp/hadoop-yarn/staging/hdpuser/.staging/job_1550700984206_0001/COMMIT_SUCCESS is closed by DFSClient_NONMAPREDUCE_-355418242_1
2019-02-20 14:28:14,547 INFO org.apache.hadoop.hdfs.server.namenode.FSNamesystem: BLOCK* blk_1073741831_1007 is COMMITTED but not COMPLETE(numNodes= 0 <  minimum = 1) in file /tmp/hadoop-yarn/staging/hdpuser/.staging/job_1550700984206_0001/job_1550700984206_0001_1.jhist
2019-02-20 14:28:14,954 INFO org.apache.hadoop.hdfs.StateChange: DIR* completeFile: /tmp/hadoop-yarn/staging/hdpuser/.staging/job_1550700984206_0001/job_1550700984206_0001_1.jhist is closed by DFSClient_NONMAPREDUCE_-355418242_1
2019-02-20 14:28:15,002 INFO org.apache.hadoop.hdfs.StateChange: BLOCK* allocate blk_1073741833_1009, replicas=127.0.0.1:50010 for /tmp/hadoop-yarn/staging/history/done_intermediate/hdpuser/job_1550700984206_0001.summary_tmp
2019-02-20 14:28:15,092 INFO org.apache.hadoop.hdfs.server.namenode.FSNamesystem: BLOCK* blk_1073741833_1009 is COMMITTED but not COMPLETE(numNodes= 0 <  minimum = 1) in file /tmp/hadoop-yarn/staging/history/done_intermediate/hdpuser/job_1550700984206_0001.summary_tmp
2019-02-20 14:28:15,495 INFO org.apache.hadoop.hdfs.StateChange: DIR* completeFile: /tmp/hadoop-yarn/staging/history/done_intermediate/hdpuser/job_1550700984206_0001.summary_tmp is closed by DFSClient_NONMAPREDUCE_-355418242_1
2019-02-20 14:28:15,577 INFO org.apache.hadoop.hdfs.StateChange: BLOCK* allocate blk_1073741834_1010, replicas=127.0.0.1:50010 for /tmp/hadoop-yarn/staging/history/done_intermediate/hdpuser/job_1550700984206_0001-1550701632039-hdpuser-word+count-1550701694362-1-1-SUCCEEDED-default-1550701650605.jhist_tmp
2019-02-20 14:28:15,612 INFO org.apache.hadoop.hdfs.server.namenode.FSNamesystem: BLOCK* blk_1073741834_1010 is COMMITTED but not COMPLETE(numNodes= 0 <  minimum = 1) in file /tmp/hadoop-yarn/staging/history/done_intermediate/hdpuser/job_1550700984206_0001-1550701632039-hdpuser-word+count-1550701694362-1-1-SUCCEEDED-default-1550701650605.jhist_tmp
2019-02-20 14:28:16,041 INFO org.apache.hadoop.hdfs.StateChange: DIR* completeFile: /tmp/hadoop-yarn/staging/history/done_intermediate/hdpuser/job_1550700984206_0001-1550701632039-hdpuser-word+count-1550701694362-1-1-SUCCEEDED-default-1550701650605.jhist_tmp is closed by DFSClient_NONMAPREDUCE_-355418242_1
2019-02-20 14:28:16,103 INFO org.apache.hadoop.hdfs.StateChange: BLOCK* allocate blk_1073741835_1011, replicas=127.0.0.1:50010 for /tmp/hadoop-yarn/staging/history/done_intermediate/hdpuser/job_1550700984206_0001_conf.xml_tmp
2019-02-20 14:28:16,139 INFO org.apache.hadoop.hdfs.StateChange: DIR* completeFile: /tmp/hadoop-yarn/staging/history/done_intermediate/hdpuser/job_1550700984206_0001_conf.xml_tmp is closed by DFSClient_NONMAPREDUCE_-355418242_1
